xrun command: xrun -sv -f $K5_XBOX_ENV/tb/k5_xbox_tb_irun.f -UNBUFFERED -delay_trigger +define+XMEM_INTRFC +define+MAX10_FPGA +define+CRNT_XLR=slrx
TOOL:	xrun(64)	23.09-s013: Started on Jun 30, 2026 at 17:00:02 UTC
xrun(64): 23.09-s013: (c) Copyright 1995-2024 Cadence Design Systems, Inc.
Recompiling... reason: file '../hw/xlrs/slrx/conv/conv.sv' is newer than expected.
	expected: Tue Jun 30 16:53:49 2026
	actual:   Tue Jun 30 16:59:31 2026
file: /data/project/tsmc65/users/mentcy/ws/my_k5_proj/hw/xlrs/slrx/conv/conv.sv
	module worklib.conv:sv
		errors: 0, warnings: 0
	Elaborating the design hierarchy:
		Caching library 'worklib' ....... Done
	Top level design units:
		xbox_def_pkg
		mem_intf_pkg
		slrx_def_pkg
		k5_pkg
		seg7_art_pkg
		k5_smart_uart_pkg
		sock
		k5_tb_tasks_pkg
		$unit_0x1ed5773f
		k5_tb
    $fatal("NUM_MEMS other than 2 not supported by mannix_mem_farm_lite.sv");
                                                                          |
xmelab: *W,STRINT (/project/tsmc65/shared/k5_share/k5_xbox/hw/xbox/xbox_xlrs/mem/mannix_mem_farm_lite.sv,157|74): String literal argument supplied to integer parameter.
	Building instance overlay tables: .................... Done
	Generating native compiled code:
		worklib.conv:sv <0x3345ae5b>
			streams:  20, words: 55913
	Building instance specific data structures.
	Loading native compiled code:     .................... Done
	Design hierarchy summary:
		                  Instances  Unique
		Modules:                 55      34
		Interfaces:              13       5
		Verilog packages:         8       8
		Registers:             1011     843
		Scalar wires:           383       -
		Vectored wires:         528       -
		Always blocks:          120      95
		Initial blocks:           7       7
		Cont. assignments:      461     406
		Pseudo assignments:     188       -
		Compilation units:        1       1
		Process Clocks:          67       4
		Simulation timescale:   1ps
	Writing initial simulation snapshot: worklib.k5_tb:sv
xmsim: *W,RNMBF: Failed to re-read the args file:  $K5_XBOX_ENV/tb/k5_xbox_tb_irun.f.  This could result in the loss of user defined plus options.
Loading snapshot worklib.k5_tb:sv .................... Done
xcelium> source /tools/cadence/XCELIUM/23.09.013/tools/xcelium/files/xmsimrc
xcelium> run


 uart_tb.sv: UART TB INFO: DFLT_BAUDRATE = 115200     , CLK_DIV_CNTR =867       
User Name is mentcy hashed to unique port number 23596
Assigned port localhost:23596
Waiting for server connection
uart_tb.sv: PY: Hello from Python, got your message: Hello from System-Verilog!
uart_tb.sv: Remote Python changed UART clk_div_cntr value to     4 (decimal)
uart_tb.sv: Remote Python changed UART ns_per_bit_actual from 8680.000000 to 50.000000 


 230111755ns uart_tb.sv: Detected remote quit command. Quitting 


Simulation complete via $finish(1) at time 230111755 NS + 1
/project/tsmc65/shared/k5_share/kuntz5/src/tb/k5_uart_tb.sv:305                                     $finish ;
xcelium> exit
TOOL:	xrun(64)	23.09-s013: Exiting on Jun 30, 2026 at 17:00:56 UTC  (total: 00:00:54)
