Checking Synthesis ...
Done Synthesis ...


Total FPGA Logic Elements:       4,145
Total FPGA memory registers:     1,499
Total FPGA memory bits:         59,392
Total FPGA memory bits:         59,392
Info: Quartus Prime Analysis & Synthesis was successful. 0  errors, 12 non-justified warnings
Please Check Report for following non-justified Warnning IDs
[12158, 10036, 10230, 10762, 10030]

NOTICE! Your design include some possible justified warnings as:
"No output dependent on input pin"
"input pin(s) that do not drive logic"
Please Carefully review the report and make sure the specific reported unused inputs are justified


For more details see qsyn_output_files/FFT_conv.map.rpt


Checking Fit ...


Info: Quartus Prime Fitter was successful. 0  errors, 1 non-justified warnings
Please Check Report for following non-justified Warnning IDs
[332012]

For more details see qsyn_output_files/FFT_conv.fit.rpt


Checking Timing (STA) ...


Info: Quartus Prime Timing Analyzer was successful. 0  errors, 4 non-justified warnings
Please Check Report for following non-justified Warnning IDs
[332012, 332148]

Max FPGA Frequency 71.40 MHz


For more details see qsyn_output_files/FFT_conv.sta.rpt


Worst case paths listed at: qsyn_output_files/sta_FFT_conv_worst_paths.rpt
Generating qsyn submission archive: qsyn_FFT_conv_mentcy_080726_1220.tgz


