Info: *******************************************************************
Info: Running Quartus Prime Analysis & Synthesis
    Info: Version 24.1std.0 Build 1077 03/04/2025 SC Lite Edition
    Info: Copyright (C) 2025  Altera Corporation. All rights reserved.
    Info: Your use of Altera Corporation's design tools, logic functions 
    Info: and other software and tools, and any partner logic 
    Info: functions, and any output files from any of the foregoing 
    Info: (including device programming or simulation files), and any 
    Info: associated documentation or information are expressly subject 
    Info: to the terms and conditions of the Altera Program License 
    Info: Subscription Agreement, the Altera Quartus Prime License Agreement,
    Info: the Altera IP License Agreement, or other applicable license
    Info: agreement, including, without limitation, that your use is for
    Info: the sole purpose of programming logic devices manufactured by
    Info: Altera and sold by Altera or its authorized distributors.  Please
    Info: refer to the Altera Software License Subscription Agreements 
    Info: on the Quartus Prime software download page.
    Info: Processing started: Tue Jun 30 10:59:36 2026
Info: Command: quartus_map --read_settings_files=on --write_settings_files=off conv -c conv
Info (12021): Found 1 design units, including 0 entities, in source file /project/tsmc65/shared/k5_share/k5_xbox/hw/xbox/xbox_def_pkg.sv
    Info (12022): Found design unit 1: xbox_def_pkg (SystemVerilog) File: /project/tsmc65/shared/k5_share/k5_xbox/hw/xbox/xbox_def_pkg.sv Line: 1
Info (12021): Found 1 design units, including 1 entities, in source file /project/tsmc65/shared/k5_share/k5_xbox/hw/xbox/xbox_xlrs/mem/mem_intf_read.sv
    Info (12023): Found entity 1: mem_intf_read File: /project/tsmc65/shared/k5_share/k5_xbox/hw/xbox/xbox_xlrs/mem/mem_intf_read.sv Line: 2
Info (12021): Found 1 design units, including 1 entities, in source file /project/tsmc65/shared/k5_share/k5_xbox/hw/xbox/xbox_xlrs/mem/mem_intf_write.sv
    Info (12023): Found entity 1: mem_intf_write File: /project/tsmc65/shared/k5_share/k5_xbox/hw/xbox/xbox_xlrs/mem/mem_intf_write.sv Line: 3
Info (12021): Found 1 design units, including 0 entities, in source file /project/tsmc65/shared/k5_share/slrx_ref/hw/top/slrx_def_pkg.sv
    Info (12022): Found design unit 1: slrx_def_pkg (SystemVerilog) File: /project/tsmc65/shared/k5_share/slrx_ref/hw/top/slrx_def_pkg.sv Line: 1
Info (12021): Found 1 design units, including 1 entities, in source file /project/tsmc65/shared/k5_share/slrx_ref/hw/top/slrx_regs_intrf.sv
    Info (12023): Found entity 1: slrx_regs_intrf File: /project/tsmc65/shared/k5_share/slrx_ref/hw/top/slrx_regs_intrf.sv Line: 4
Info (12021): Found 1 design units, including 1 entities, in source file /data/project/tsmc65/shared/qsyn/qsyn_dummy_xlr_wrap/qsyn_dummy_xlr_wrap_sri.sv
    Info (12023): Found entity 1: qsyn_dummy_xlr_wrap File: /data/project/tsmc65/shared/qsyn/qsyn_dummy_xlr_wrap/qsyn_dummy_xlr_wrap_sri.sv Line: 5
Info (12021): Found 1 design units, including 1 entities, in source file /data/project/tsmc65/users/mentcy/ws/my_k5_proj/hw/xlrs/slrx/conv/conv.sv
    Info (12023): Found entity 1: conv File: /data/project/tsmc65/users/mentcy/ws/my_k5_proj/hw/xlrs/slrx/conv/conv.sv Line: 18
Warning (10236): Verilog HDL Implicit Net warning at conv.sv(137): created implicit net for "slrx_cmd" File: /data/project/tsmc65/users/mentcy/ws/my_k5_proj/hw/xlrs/slrx/conv/conv.sv Line: 137
Info (12127): Elaborating entity "qsyn_dummy_xlr_wrap" for the top level hierarchy
Info (12128): Elaborating entity "mem_intf_read" for hierarchy "mem_intf_read:mem_intf_read" File: /data/project/tsmc65/shared/qsyn/qsyn_dummy_xlr_wrap/qsyn_dummy_xlr_wrap_sri.sv Line: 35
Warning (12158): Entity "mem_intf_read" contains only dangling pins File: /data/project/tsmc65/shared/qsyn/qsyn_dummy_xlr_wrap/qsyn_dummy_xlr_wrap_sri.sv Line: 35
Info (12128): Elaborating entity "mem_intf_write" for hierarchy "mem_intf_write:mem_intf_write" File: /data/project/tsmc65/shared/qsyn/qsyn_dummy_xlr_wrap/qsyn_dummy_xlr_wrap_sri.sv Line: 36
Warning (12158): Entity "mem_intf_write" contains only dangling pins File: /data/project/tsmc65/shared/qsyn/qsyn_dummy_xlr_wrap/qsyn_dummy_xlr_wrap_sri.sv Line: 36
Info (12128): Elaborating entity "slrx_regs_intrf" for hierarchy "slrx_regs_intrf:slrx_regs_intrf" File: /data/project/tsmc65/shared/qsyn/qsyn_dummy_xlr_wrap/qsyn_dummy_xlr_wrap_sri.sv Line: 37
Warning (12158): Entity "slrx_regs_intrf" contains only dangling pins File: /data/project/tsmc65/shared/qsyn/qsyn_dummy_xlr_wrap/qsyn_dummy_xlr_wrap_sri.sv Line: 37
Info (12128): Elaborating entity "conv" for hierarchy "conv:conv" File: /data/project/tsmc65/shared/qsyn/qsyn_dummy_xlr_wrap/qsyn_dummy_xlr_wrap_sri.sv Line: 75
Warning (10230): Verilog HDL assignment warning at conv.sv(137): truncated value with size 32 to match size of target (1) File: /data/project/tsmc65/users/mentcy/ws/my_k5_proj/hw/xlrs/slrx/conv/conv.sv Line: 137
Warning (10230): Verilog HDL assignment warning at conv.sv(151): truncated value with size 32 to match size of target (16) File: /data/project/tsmc65/users/mentcy/ws/my_k5_proj/hw/xlrs/slrx/conv/conv.sv Line: 151
Warning (10230): Verilog HDL assignment warning at conv.sv(154): truncated value with size 32 to match size of target (16) File: /data/project/tsmc65/users/mentcy/ws/my_k5_proj/hw/xlrs/slrx/conv/conv.sv Line: 154
Warning (10230): Verilog HDL assignment warning at conv.sv(155): truncated value with size 32 to match size of target (16) File: /data/project/tsmc65/users/mentcy/ws/my_k5_proj/hw/xlrs/slrx/conv/conv.sv Line: 155
Warning (10230): Verilog HDL assignment warning at conv.sv(156): truncated value with size 32 to match size of target (6) File: /data/project/tsmc65/users/mentcy/ws/my_k5_proj/hw/xlrs/slrx/conv/conv.sv Line: 156
Warning (10230): Verilog HDL assignment warning at conv.sv(158): truncated value with size 32 to match size of target (5) File: /data/project/tsmc65/users/mentcy/ws/my_k5_proj/hw/xlrs/slrx/conv/conv.sv Line: 158
Warning (10230): Verilog HDL assignment warning at conv.sv(159): truncated value with size 32 to match size of target (5) File: /data/project/tsmc65/users/mentcy/ws/my_k5_proj/hw/xlrs/slrx/conv/conv.sv Line: 159
Warning (10230): Verilog HDL assignment warning at conv.sv(163): truncated value with size 32 to match size of target (6) File: /data/project/tsmc65/users/mentcy/ws/my_k5_proj/hw/xlrs/slrx/conv/conv.sv Line: 163
Warning (10230): Verilog HDL assignment warning at conv.sv(239): truncated value with size 32 to match size of target (6) File: /data/project/tsmc65/users/mentcy/ws/my_k5_proj/hw/xlrs/slrx/conv/conv.sv Line: 239
Warning (10230): Verilog HDL assignment warning at conv.sv(260): truncated value with size 32 to match size of target (6) File: /data/project/tsmc65/users/mentcy/ws/my_k5_proj/hw/xlrs/slrx/conv/conv.sv Line: 260
Warning (10230): Verilog HDL assignment warning at conv.sv(278): truncated value with size 32 to match size of target (5) File: /data/project/tsmc65/users/mentcy/ws/my_k5_proj/hw/xlrs/slrx/conv/conv.sv Line: 278
Info (10008): Verilog HDL or VHDL information: EDA Netlist Writer cannot regroup multidimensional array "calc_conv_win.kernel" into its bus
Info (10008): Verilog HDL or VHDL information: EDA Netlist Writer cannot regroup multidimensional array "calc_conv_win.conv_win" into its bus
Info (10008): Verilog HDL or VHDL information: EDA Netlist Writer cannot regroup multidimensional array "kernel" into its bus
Info (10008): Verilog HDL or VHDL information: EDA Netlist Writer cannot regroup multidimensional array "kernel_ps" into its bus
Info (10008): Verilog HDL or VHDL information: EDA Netlist Writer cannot regroup multidimensional array "conv_rows_buf" into its bus
Info (10008): Verilog HDL or VHDL information: EDA Netlist Writer cannot regroup multidimensional array "conv_rows_buf_ps" into its bus
Info (10008): Verilog HDL or VHDL information: EDA Netlist Writer cannot regroup multidimensional array "conv_win_ps" into its bus
Info (10008): Verilog HDL or VHDL information: EDA Netlist Writer cannot regroup multidimensional array "conv_win" into its bus
Warning (12161): Node "slrx_regs_intrf:slrx_regs_intrf|slrx_regs_intrf.xlr_start" is stuck at GND because node is in wire loop and does not have a source File: /project/tsmc65/shared/k5_share/slrx_ref/hw/top/slrx_regs_intrf.sv Line: 4
Warning (12161): Node "slrx_regs_intrf:slrx_regs_intrf|slrx_regs_intrf.slrx_cmd[2]" is stuck at GND because node is in wire loop and does not have a source File: /project/tsmc65/shared/k5_share/slrx_ref/hw/top/slrx_regs_intrf.sv Line: 4
Warning (12161): Node "slrx_regs_intrf:slrx_regs_intrf|slrx_regs_intrf.slrx_cmd[1]" is stuck at GND because node is in wire loop and does not have a source File: /project/tsmc65/shared/k5_share/slrx_ref/hw/top/slrx_regs_intrf.sv Line: 4
Warning (12161): Node "slrx_regs_intrf:slrx_regs_intrf|slrx_regs_intrf.slrx_cmd[0]" is stuck at GND because node is in wire loop and does not have a source File: /project/tsmc65/shared/k5_share/slrx_ref/hw/top/slrx_regs_intrf.sv Line: 4
Info (278001): Inferred 27 megafunctions from design logic
    Info (278003): Inferred multiplier megafunction ("lpm_mult") from the following logic: "conv:conv|Mult1" File: /data/project/tsmc65/users/mentcy/ws/my_k5_proj/hw/xlrs/slrx/conv/conv.sv Line: 226
    Info (278003): Inferred multiplier megafunction ("lpm_mult") from the following logic: "conv:conv|Mult0" File: /data/project/tsmc65/users/mentcy/ws/my_k5_proj/hw/xlrs/slrx/conv/conv.sv Line: 171
    Info (278003): Inferred multiplier megafunction ("lpm_mult") from the following logic: "conv:conv|Mult2" File: /data/project/tsmc65/users/mentcy/ws/my_k5_proj/hw/xlrs/slrx/conv/conv.sv Line: 415
    Info (278003): Inferred multiplier megafunction ("lpm_mult") from the following logic: "conv:conv|Mult26" File: /data/project/tsmc65/users/mentcy/ws/my_k5_proj/hw/xlrs/slrx/conv/conv.sv Line: 415
    Info (278003): Inferred multiplier megafunction ("lpm_mult") from the following logic: "conv:conv|Mult25" File: /data/project/tsmc65/users/mentcy/ws/my_k5_proj/hw/xlrs/slrx/conv/conv.sv Line: 415
    Info (278003): Inferred multiplier megafunction ("lpm_mult") from the following logic: "conv:conv|Mult24" File: /data/project/tsmc65/users/mentcy/ws/my_k5_proj/hw/xlrs/slrx/conv/conv.sv Line: 415
    Info (278003): Inferred multiplier megafunction ("lpm_mult") from the following logic: "conv:conv|Mult23" File: /data/project/tsmc65/users/mentcy/ws/my_k5_proj/hw/xlrs/slrx/conv/conv.sv Line: 415
    Info (278003): Inferred multiplier megafunction ("lpm_mult") from the following logic: "conv:conv|Mult22" File: /data/project/tsmc65/users/mentcy/ws/my_k5_proj/hw/xlrs/slrx/conv/conv.sv Line: 415
    Info (278003): Inferred multiplier megafunction ("lpm_mult") from the following logic: "conv:conv|Mult21" File: /data/project/tsmc65/users/mentcy/ws/my_k5_proj/hw/xlrs/slrx/conv/conv.sv Line: 415
    Info (278003): Inferred multiplier megafunction ("lpm_mult") from the following logic: "conv:conv|Mult20" File: /data/project/tsmc65/users/mentcy/ws/my_k5_proj/hw/xlrs/slrx/conv/conv.sv Line: 415
    Info (278003): Inferred multiplier megafunction ("lpm_mult") from the following logic: "conv:conv|Mult19" File: /data/project/tsmc65/users/mentcy/ws/my_k5_proj/hw/xlrs/slrx/conv/conv.sv Line: 415
    Info (278003): Inferred multiplier megafunction ("lpm_mult") from the following logic: "conv:conv|Mult10" File: /data/project/tsmc65/users/mentcy/ws/my_k5_proj/hw/xlrs/slrx/conv/conv.sv Line: 415
    Info (278003): Inferred multiplier megafunction ("lpm_mult") from the following logic: "conv:conv|Mult9" File: /data/project/tsmc65/users/mentcy/ws/my_k5_proj/hw/xlrs/slrx/conv/conv.sv Line: 415
    Info (278003): Inferred multiplier megafunction ("lpm_mult") from the following logic: "conv:conv|Mult8" File: /data/project/tsmc65/users/mentcy/ws/my_k5_proj/hw/xlrs/slrx/conv/conv.sv Line: 415
    Info (278003): Inferred multiplier megafunction ("lpm_mult") from the following logic: "conv:conv|Mult7" File: /data/project/tsmc65/users/mentcy/ws/my_k5_proj/hw/xlrs/slrx/conv/conv.sv Line: 415
    Info (278003): Inferred multiplier megafunction ("lpm_mult") from the following logic: "conv:conv|Mult6" File: /data/project/tsmc65/users/mentcy/ws/my_k5_proj/hw/xlrs/slrx/conv/conv.sv Line: 415
    Info (278003): Inferred multiplier megafunction ("lpm_mult") from the following logic: "conv:conv|Mult5" File: /data/project/tsmc65/users/mentcy/ws/my_k5_proj/hw/xlrs/slrx/conv/conv.sv Line: 415
    Info (278003): Inferred multiplier megafunction ("lpm_mult") from the following logic: "conv:conv|Mult4" File: /data/project/tsmc65/users/mentcy/ws/my_k5_proj/hw/xlrs/slrx/conv/conv.sv Line: 415
    Info (278003): Inferred multiplier megafunction ("lpm_mult") from the following logic: "conv:conv|Mult3" File: /data/project/tsmc65/users/mentcy/ws/my_k5_proj/hw/xlrs/slrx/conv/conv.sv Line: 415
    Info (278003): Inferred multiplier megafunction ("lpm_mult") from the following logic: "conv:conv|Mult18" File: /data/project/tsmc65/users/mentcy/ws/my_k5_proj/hw/xlrs/slrx/conv/conv.sv Line: 415
    Info (278003): Inferred multiplier megafunction ("lpm_mult") from the following logic: "conv:conv|Mult17" File: /data/project/tsmc65/users/mentcy/ws/my_k5_proj/hw/xlrs/slrx/conv/conv.sv Line: 415
    Info (278003): Inferred multiplier megafunction ("lpm_mult") from the following logic: "conv:conv|Mult16" File: /data/project/tsmc65/users/mentcy/ws/my_k5_proj/hw/xlrs/slrx/conv/conv.sv Line: 415
    Info (278003): Inferred multiplier megafunction ("lpm_mult") from the following logic: "conv:conv|Mult15" File: /data/project/tsmc65/users/mentcy/ws/my_k5_proj/hw/xlrs/slrx/conv/conv.sv Line: 415
    Info (278003): Inferred multiplier megafunction ("lpm_mult") from the following logic: "conv:conv|Mult14" File: /data/project/tsmc65/users/mentcy/ws/my_k5_proj/hw/xlrs/slrx/conv/conv.sv Line: 415
    Info (278003): Inferred multiplier megafunction ("lpm_mult") from the following logic: "conv:conv|Mult13" File: /data/project/tsmc65/users/mentcy/ws/my_k5_proj/hw/xlrs/slrx/conv/conv.sv Line: 415
    Info (278003): Inferred multiplier megafunction ("lpm_mult") from the following logic: "conv:conv|Mult12" File: /data/project/tsmc65/users/mentcy/ws/my_k5_proj/hw/xlrs/slrx/conv/conv.sv Line: 415
    Info (278003): Inferred multiplier megafunction ("lpm_mult") from the following logic: "conv:conv|Mult11" File: /data/project/tsmc65/users/mentcy/ws/my_k5_proj/hw/xlrs/slrx/conv/conv.sv Line: 415
Info (12130): Elaborated megafunction instantiation "conv:conv|lpm_mult:Mult1" File: /data/project/tsmc65/users/mentcy/ws/my_k5_proj/hw/xlrs/slrx/conv/conv.sv Line: 226
Info (12133): Instantiated megafunction "conv:conv|lpm_mult:Mult1" with the following parameter: File: /data/project/tsmc65/users/mentcy/ws/my_k5_proj/hw/xlrs/slrx/conv/conv.sv Line: 226
    Info (12134): Parameter "LPM_WIDTHA" = "5"
    Info (12134): Parameter "LPM_WIDTHB" = "6"
    Info (12134): Parameter "LPM_WIDTHP" = "11"
    Info (12134): Parameter "LPM_WIDTHR" = "11"
    Info (12134): Parameter "LPM_WIDTHS" = "1"
    Info (12134): Parameter "LPM_REPRESENTATION" = "UNSIGNED"
    Info (12134): Parameter "INPUT_A_IS_CONSTANT" = "NO"
    Info (12134): Parameter "INPUT_B_IS_CONSTANT" = "NO"
    Info (12134): Parameter "MAXIMIZE_SPEED" = "5"
Info (12021): Found 1 design units, including 1 entities, in source file db/mult_mks.tdf
    Info (12023): Found entity 1: mult_mks File: /project/tsmc65/users/mentcy/ws/my_k5_proj/hw/xlrs/slrx/conv/db/mult_mks.tdf Line: 29
Info (12130): Elaborated megafunction instantiation "conv:conv|lpm_mult:Mult2" File: /data/project/tsmc65/users/mentcy/ws/my_k5_proj/hw/xlrs/slrx/conv/conv.sv Line: 415
Info (12133): Instantiated megafunction "conv:conv|lpm_mult:Mult2" with the following parameter: File: /data/project/tsmc65/users/mentcy/ws/my_k5_proj/hw/xlrs/slrx/conv/conv.sv Line: 415
    Info (12134): Parameter "LPM_WIDTHA" = "9"
    Info (12134): Parameter "LPM_WIDTHB" = "8"
    Info (12134): Parameter "LPM_WIDTHP" = "17"
    Info (12134): Parameter "LPM_WIDTHR" = "17"
    Info (12134): Parameter "LPM_WIDTHS" = "1"
    Info (12134): Parameter "LPM_REPRESENTATION" = "SIGNED"
    Info (12134): Parameter "INPUT_A_IS_CONSTANT" = "NO"
    Info (12134): Parameter "INPUT_B_IS_CONSTANT" = "NO"
    Info (12134): Parameter "MAXIMIZE_SPEED" = "5"
Info (12021): Found 1 design units, including 1 entities, in source file db/mult_vds.tdf
    Info (12023): Found entity 1: mult_vds File: /project/tsmc65/users/mentcy/ws/my_k5_proj/hw/xlrs/slrx/conv/db/mult_vds.tdf Line: 29
Warning (13024): Output pins are stuck at VCC or GND
    Warning (13410): Pin "mem_size_bytes[1]" is stuck at GND File: /data/project/tsmc65/shared/qsyn/qsyn_dummy_xlr_wrap/qsyn_dummy_xlr_wrap_sri.sv Line: 101
    Warning (13410): Pin "mem_size_bytes[2]" is stuck at GND File: /data/project/tsmc65/shared/qsyn/qsyn_dummy_xlr_wrap/qsyn_dummy_xlr_wrap_sri.sv Line: 101
    Warning (13410): Pin "host_regs_valid_out" is stuck at GND File: /data/project/tsmc65/shared/qsyn/qsyn_dummy_xlr_wrap/qsyn_dummy_xlr_wrap_sri.sv Line: 27
    Warning (13410): Pin "dummy_dout[8]" is stuck at GND File: /data/project/tsmc65/shared/qsyn/qsyn_dummy_xlr_wrap/qsyn_dummy_xlr_wrap_sri.sv Line: 101
    Warning (13410): Pin "dummy_dout[9]" is stuck at GND File: /data/project/tsmc65/shared/qsyn/qsyn_dummy_xlr_wrap/qsyn_dummy_xlr_wrap_sri.sv Line: 101
    Warning (13410): Pin "dummy_dout[10]" is stuck at GND File: /data/project/tsmc65/shared/qsyn/qsyn_dummy_xlr_wrap/qsyn_dummy_xlr_wrap_sri.sv Line: 101
    Warning (13410): Pin "dummy_dout[11]" is stuck at GND File: /data/project/tsmc65/shared/qsyn/qsyn_dummy_xlr_wrap/qsyn_dummy_xlr_wrap_sri.sv Line: 101
    Warning (13410): Pin "dummy_dout[12]" is stuck at GND File: /data/project/tsmc65/shared/qsyn/qsyn_dummy_xlr_wrap/qsyn_dummy_xlr_wrap_sri.sv Line: 101
    Warning (13410): Pin "dummy_dout[13]" is stuck at GND File: /data/project/tsmc65/shared/qsyn/qsyn_dummy_xlr_wrap/qsyn_dummy_xlr_wrap_sri.sv Line: 101
    Warning (13410): Pin "dummy_dout[14]" is stuck at GND File: /data/project/tsmc65/shared/qsyn/qsyn_dummy_xlr_wrap/qsyn_dummy_xlr_wrap_sri.sv Line: 101
    Warning (13410): Pin "dummy_dout[15]" is stuck at GND File: /data/project/tsmc65/shared/qsyn/qsyn_dummy_xlr_wrap/qsyn_dummy_xlr_wrap_sri.sv Line: 101
    Warning (13410): Pin "dummy_dout[16]" is stuck at GND File: /data/project/tsmc65/shared/qsyn/qsyn_dummy_xlr_wrap/qsyn_dummy_xlr_wrap_sri.sv Line: 101
    Warning (13410): Pin "dummy_dout[17]" is stuck at GND File: /data/project/tsmc65/shared/qsyn/qsyn_dummy_xlr_wrap/qsyn_dummy_xlr_wrap_sri.sv Line: 101
    Warning (13410): Pin "dummy_dout[18]" is stuck at GND File: /data/project/tsmc65/shared/qsyn/qsyn_dummy_xlr_wrap/qsyn_dummy_xlr_wrap_sri.sv Line: 101
    Warning (13410): Pin "dummy_dout[19]" is stuck at GND File: /data/project/tsmc65/shared/qsyn/qsyn_dummy_xlr_wrap/qsyn_dummy_xlr_wrap_sri.sv Line: 101
    Warning (13410): Pin "dummy_dout[20]" is stuck at GND File: /data/project/tsmc65/shared/qsyn/qsyn_dummy_xlr_wrap/qsyn_dummy_xlr_wrap_sri.sv Line: 101
    Warning (13410): Pin "dummy_dout[21]" is stuck at GND File: /data/project/tsmc65/shared/qsyn/qsyn_dummy_xlr_wrap/qsyn_dummy_xlr_wrap_sri.sv Line: 101
    Warning (13410): Pin "dummy_dout[22]" is stuck at GND File: /data/project/tsmc65/shared/qsyn/qsyn_dummy_xlr_wrap/qsyn_dummy_xlr_wrap_sri.sv Line: 101
    Warning (13410): Pin "dummy_dout[23]" is stuck at GND File: /data/project/tsmc65/shared/qsyn/qsyn_dummy_xlr_wrap/qsyn_dummy_xlr_wrap_sri.sv Line: 101
    Warning (13410): Pin "dummy_dout[24]" is stuck at GND File: /data/project/tsmc65/shared/qsyn/qsyn_dummy_xlr_wrap/qsyn_dummy_xlr_wrap_sri.sv Line: 101
    Warning (13410): Pin "dummy_dout[25]" is stuck at GND File: /data/project/tsmc65/shared/qsyn/qsyn_dummy_xlr_wrap/qsyn_dummy_xlr_wrap_sri.sv Line: 101
    Warning (13410): Pin "dummy_dout[26]" is stuck at GND File: /data/project/tsmc65/shared/qsyn/qsyn_dummy_xlr_wrap/qsyn_dummy_xlr_wrap_sri.sv Line: 101
    Warning (13410): Pin "dummy_dout[27]" is stuck at GND File: /data/project/tsmc65/shared/qsyn/qsyn_dummy_xlr_wrap/qsyn_dummy_xlr_wrap_sri.sv Line: 101
    Warning (13410): Pin "dummy_dout[28]" is stuck at GND File: /data/project/tsmc65/shared/qsyn/qsyn_dummy_xlr_wrap/qsyn_dummy_xlr_wrap_sri.sv Line: 101
    Warning (13410): Pin "dummy_dout[29]" is stuck at GND File: /data/project/tsmc65/shared/qsyn/qsyn_dummy_xlr_wrap/qsyn_dummy_xlr_wrap_sri.sv Line: 101
    Warning (13410): Pin "dummy_dout[30]" is stuck at GND File: /data/project/tsmc65/shared/qsyn/qsyn_dummy_xlr_wrap/qsyn_dummy_xlr_wrap_sri.sv Line: 101
    Warning (13410): Pin "dummy_dout[31]" is stuck at GND File: /data/project/tsmc65/shared/qsyn/qsyn_dummy_xlr_wrap/qsyn_dummy_xlr_wrap_sri.sv Line: 101
Info (286030): Timing-Driven Synthesis is running
Info (16010): Generating hard_block partition "hard_block:auto_generated_inst"
    Info (16011): Adding 0 node(s), including 0 DDIO, 0 PLL, 0 transceiver and 0 LCELL
Warning (21074): Design contains 15 input pin(s) that do not drive logic
    Warning (15610): No output dependent on input pin "host_regs_read_pulse[0]" File: /data/project/tsmc65/shared/qsyn/qsyn_dummy_xlr_wrap/qsyn_dummy_xlr_wrap_sri.sv Line: 28
    Warning (15610): No output dependent on input pin "host_regs_read_pulse[1]" File: /data/project/tsmc65/shared/qsyn/qsyn_dummy_xlr_wrap/qsyn_dummy_xlr_wrap_sri.sv Line: 28
    Warning (15610): No output dependent on input pin "host_regs_read_pulse[2]" File: /data/project/tsmc65/shared/qsyn/qsyn_dummy_xlr_wrap/qsyn_dummy_xlr_wrap_sri.sv Line: 28
    Warning (15610): No output dependent on input pin "host_regs_read_pulse[3]" File: /data/project/tsmc65/shared/qsyn/qsyn_dummy_xlr_wrap/qsyn_dummy_xlr_wrap_sri.sv Line: 28
    Warning (15610): No output dependent on input pin "host_regs_read_pulse[4]" File: /data/project/tsmc65/shared/qsyn/qsyn_dummy_xlr_wrap/qsyn_dummy_xlr_wrap_sri.sv Line: 28
    Warning (15610): No output dependent on input pin "host_regs_read_pulse[5]" File: /data/project/tsmc65/shared/qsyn/qsyn_dummy_xlr_wrap/qsyn_dummy_xlr_wrap_sri.sv Line: 28
    Warning (15610): No output dependent on input pin "host_regs_read_pulse[6]" File: /data/project/tsmc65/shared/qsyn/qsyn_dummy_xlr_wrap/qsyn_dummy_xlr_wrap_sri.sv Line: 28
    Warning (15610): No output dependent on input pin "host_regs_read_pulse[7]" File: /data/project/tsmc65/shared/qsyn/qsyn_dummy_xlr_wrap/qsyn_dummy_xlr_wrap_sri.sv Line: 28
    Warning (15610): No output dependent on input pin "host_regs_read_pulse[8]" File: /data/project/tsmc65/shared/qsyn/qsyn_dummy_xlr_wrap/qsyn_dummy_xlr_wrap_sri.sv Line: 28
    Warning (15610): No output dependent on input pin "host_regs_read_pulse[9]" File: /data/project/tsmc65/shared/qsyn/qsyn_dummy_xlr_wrap/qsyn_dummy_xlr_wrap_sri.sv Line: 28
    Warning (15610): No output dependent on input pin "host_regs_read_pulse[10]" File: /data/project/tsmc65/shared/qsyn/qsyn_dummy_xlr_wrap/qsyn_dummy_xlr_wrap_sri.sv Line: 28
    Warning (15610): No output dependent on input pin "host_regs_read_pulse[11]" File: /data/project/tsmc65/shared/qsyn/qsyn_dummy_xlr_wrap/qsyn_dummy_xlr_wrap_sri.sv Line: 28
    Warning (15610): No output dependent on input pin "host_regs_read_pulse[12]" File: /data/project/tsmc65/shared/qsyn/qsyn_dummy_xlr_wrap/qsyn_dummy_xlr_wrap_sri.sv Line: 28
    Warning (15610): No output dependent on input pin "host_regs_read_pulse[13]" File: /data/project/tsmc65/shared/qsyn/qsyn_dummy_xlr_wrap/qsyn_dummy_xlr_wrap_sri.sv Line: 28
    Warning (15610): No output dependent on input pin "host_regs_read_pulse[14]" File: /data/project/tsmc65/shared/qsyn/qsyn_dummy_xlr_wrap/qsyn_dummy_xlr_wrap_sri.sv Line: 28
Info (21057): Implemented 5405 device resources after synthesis - the final resource count might be different
    Info (21058): Implemented 63 input pins
    Info (21059): Implemented 57 output pins
    Info (21061): Implemented 5258 logic cells
    Info (21062): Implemented 27 DSP elements
Info: Quartus Prime Analysis & Synthesis was successful. 0 errors, 63 warnings
    Info: Peak virtual memory: 662 megabytes
    Info: Processing ended: Tue Jun 30 11:00:05 2026
    Info: Elapsed time: 00:00:29
    Info: Total CPU time (on all processors): 00:00:00
