Info: *******************************************************************
Info: Running Quartus Prime Fitter
    Info: Version 24.1std.0 Build 1077 03/04/2025 SC Lite Edition
    Info: Copyright (C) 2025  Altera Corporation. All rights reserved.
    Info: Your use of Altera Corporation's design tools, logic functions 
    Info: and other software and tools, and any partner logic 
    Info: functions, and any output files from any of the foregoing 
    Info: (including device programming or simulation files), and any 
    Info: associated documentation or information are expressly subject 
    Info: to the terms and conditions of the Altera Program License 
    Info: Subscription Agreement, the Altera Quartus Prime License Agreement,
    Info: the Altera IP License Agreement, or other applicable license
    Info: agreement, including, without limitation, that your use is for
    Info: the sole purpose of programming logic devices manufactured by
    Info: Altera and sold by Altera or its authorized distributors.  Please
    Info: refer to the Altera Software License Subscription Agreements 
    Info: on the Quartus Prime software download page.
    Info: Processing started: Mon Jun 15 10:50:20 2026
Info: Command: quartus_fit --read_settings_files=on --write_settings_files=off FFT_conv_sint -c FFT_conv_sint
Info: qfit2_default_script.tcl version: #1
Info: Project  = FFT_conv_sint
Info: Revision = FFT_conv_sint
Error (11720): Run Analysis and Synthesis (quartus_map) with top-level entity name "FFT_conv_sint" before running Fitter (quartus_fit)
Error: Quartus Prime Fitter was unsuccessful. 1 error, 0 warnings
    Error: Peak virtual memory: 563 megabytes
    Error: Processing ended: Mon Jun 15 10:50:21 2026
    Error: Elapsed time: 00:00:01
    Error: Total CPU time (on all processors): 00:00:00
