Analysis & Synthesis report for pool
Mon Jun 15 09:38:46 2026
Quartus Prime Version 24.1std.0 Build 1077 03/04/2025 SC Lite Edition


---------------------
; Table of Contents ;
---------------------
  1. Legal Notice
  2. Analysis & Synthesis Summary
  3. Analysis & Synthesis Settings
  4. Parallel Compilation
  5. Analysis & Synthesis Source Files Read
  6. Analysis & Synthesis Resource Usage Summary
  7. Analysis & Synthesis Resource Utilization by Entity
  8. Analysis & Synthesis DSP Block Usage Summary
  9. Registers Removed During Synthesis
 10. General Register Statistics
 11. Multiplexer Restructuring Statistics (Restructuring Performed)
 12. Parameter Settings for User Entity Instance: mem_intf_read:mem_intf_read
 13. Parameter Settings for User Entity Instance: mem_intf_write:mem_intf_write
 14. Parameter Settings for Inferred Entity Instance: pool:pool|lpm_mult:Mult0
 15. Parameter Settings for Inferred Entity Instance: pool:pool|lpm_mult:Mult1
 16. lpm_mult Parameter Settings by Entity Instance
 17. Post-Synthesis Netlist Statistics for Top Partition
 18. Elapsed Time Per Partition
 19. Analysis & Synthesis Messages



----------------
; Legal Notice ;
----------------
Copyright (C) 2025  Altera Corporation. All rights reserved.
Your use of Altera Corporation's design tools, logic functions 
and other software and tools, and any partner logic 
functions, and any output files from any of the foregoing 
(including device programming or simulation files), and any 
associated documentation or information are expressly subject 
to the terms and conditions of the Altera Program License 
Subscription Agreement, the Altera Quartus Prime License Agreement,
the Altera IP License Agreement, or other applicable license
agreement, including, without limitation, that your use is for
the sole purpose of programming logic devices manufactured by
Altera and sold by Altera or its authorized distributors.  Please
refer to the Altera Software License Subscription Agreements 
on the Quartus Prime software download page.



+--------------------------------------------------------------------------------------+
; Analysis & Synthesis Summary                                                         ;
+------------------------------------+-------------------------------------------------+
; Analysis & Synthesis Status        ; Successful - Mon Jun 15 09:38:46 2026           ;
; Quartus Prime Version              ; 24.1std.0 Build 1077 03/04/2025 SC Lite Edition ;
; Revision Name                      ; pool                                            ;
; Top-level Entity Name              ; qsyn_dummy_xlr_wrap                             ;
; Family                             ; MAX 10                                          ;
; Total logic elements               ; 1,498                                           ;
;     Total combinational functions  ; 1,224                                           ;
;     Dedicated logic registers      ; 930                                             ;
; Total registers                    ; 930                                             ;
; Total pins                         ; 120                                             ;
; Total virtual pins                 ; 0                                               ;
; Total memory bits                  ; 0                                               ;
; Embedded Multiplier 9-bit elements ; 2                                               ;
; Total PLLs                         ; 0                                               ;
; UFM blocks                         ; 0                                               ;
; ADC blocks                         ; 0                                               ;
+------------------------------------+-------------------------------------------------+


+-------------------------------------------------------------------------------------------------------------+
; Analysis & Synthesis Settings                                                                               ;
+------------------------------------------------------------------+---------------------+--------------------+
; Option                                                           ; Setting             ; Default Value      ;
+------------------------------------------------------------------+---------------------+--------------------+
; Device                                                           ; 10M50DAF484C7G      ;                    ;
; Top-level entity name                                            ; qsyn_dummy_xlr_wrap ; pool               ;
; Family name                                                      ; MAX 10              ; Cyclone V          ;
; Maximum processors allowed for parallel compilation              ; 1                   ;                    ;
; Use smart compilation                                            ; Off                 ; Off                ;
; Enable parallel Assembler and Timing Analyzer during compilation ; On                  ; On                 ;
; Enable compact report table                                      ; Off                 ; Off                ;
; Restructure Multiplexers                                         ; Auto                ; Auto               ;
; Create Debugging Nodes for IP Cores                              ; Off                 ; Off                ;
; Preserve fewer node names                                        ; On                  ; On                 ;
; Intel FPGA IP Evaluation Mode                                    ; Enable              ; Enable             ;
; Verilog Version                                                  ; Verilog_2001        ; Verilog_2001       ;
; VHDL Version                                                     ; VHDL_1993           ; VHDL_1993          ;
; State Machine Processing                                         ; Auto                ; Auto               ;
; Safe State Machine                                               ; Off                 ; Off                ;
; Extract Verilog State Machines                                   ; On                  ; On                 ;
; Extract VHDL State Machines                                      ; On                  ; On                 ;
; Ignore Verilog initial constructs                                ; Off                 ; Off                ;
; Iteration limit for constant Verilog loops                       ; 5000                ; 5000               ;
; Iteration limit for non-constant Verilog loops                   ; 250                 ; 250                ;
; Add Pass-Through Logic to Inferred RAMs                          ; On                  ; On                 ;
; Infer RAMs from Raw Logic                                        ; On                  ; On                 ;
; Parallel Synthesis                                               ; On                  ; On                 ;
; DSP Block Balancing                                              ; Auto                ; Auto               ;
; NOT Gate Push-Back                                               ; On                  ; On                 ;
; Power-Up Don't Care                                              ; On                  ; On                 ;
; Remove Redundant Logic Cells                                     ; Off                 ; Off                ;
; Remove Duplicate Registers                                       ; On                  ; On                 ;
; Ignore CARRY Buffers                                             ; Off                 ; Off                ;
; Ignore CASCADE Buffers                                           ; Off                 ; Off                ;
; Ignore GLOBAL Buffers                                            ; Off                 ; Off                ;
; Ignore ROW GLOBAL Buffers                                        ; Off                 ; Off                ;
; Ignore LCELL Buffers                                             ; Off                 ; Off                ;
; Ignore SOFT Buffers                                              ; On                  ; On                 ;
; Limit AHDL Integers to 32 Bits                                   ; Off                 ; Off                ;
; Optimization Technique                                           ; Balanced            ; Balanced           ;
; Carry Chain Length                                               ; 70                  ; 70                 ;
; Auto Carry Chains                                                ; On                  ; On                 ;
; Auto Open-Drain Pins                                             ; On                  ; On                 ;
; Perform WYSIWYG Primitive Resynthesis                            ; Off                 ; Off                ;
; Auto ROM Replacement                                             ; On                  ; On                 ;
; Auto RAM Replacement                                             ; On                  ; On                 ;
; Auto DSP Block Replacement                                       ; On                  ; On                 ;
; Auto Shift Register Replacement                                  ; Auto                ; Auto               ;
; Allow Shift Register Merging across Hierarchies                  ; Auto                ; Auto               ;
; Auto Clock Enable Replacement                                    ; On                  ; On                 ;
; Strict RAM Replacement                                           ; Off                 ; Off                ;
; Allow Synchronous Control Signals                                ; On                  ; On                 ;
; Force Use of Synchronous Clear Signals                           ; Off                 ; Off                ;
; Auto RAM Block Balancing                                         ; On                  ; On                 ;
; Auto RAM to Logic Cell Conversion                                ; Off                 ; Off                ;
; Auto Resource Sharing                                            ; Off                 ; Off                ;
; Allow Any RAM Size For Recognition                               ; Off                 ; Off                ;
; Allow Any ROM Size For Recognition                               ; Off                 ; Off                ;
; Allow Any Shift Register Size For Recognition                    ; Off                 ; Off                ;
; Use LogicLock Constraints during Resource Balancing              ; On                  ; On                 ;
; Ignore translate_off and synthesis_off directives                ; Off                 ; Off                ;
; Timing-Driven Synthesis                                          ; On                  ; On                 ;
; Report Parameter Settings                                        ; On                  ; On                 ;
; Report Source Assignments                                        ; On                  ; On                 ;
; Report Connectivity Checks                                       ; On                  ; On                 ;
; Ignore Maximum Fan-Out Assignments                               ; Off                 ; Off                ;
; Synchronization Register Chain Length                            ; 2                   ; 2                  ;
; Power Optimization During Synthesis                              ; Normal compilation  ; Normal compilation ;
; HDL message level                                                ; Level2              ; Level2             ;
; Suppress Register Optimization Related Messages                  ; Off                 ; Off                ;
; Number of Removed Registers Reported in Synthesis Report         ; 5000                ; 5000               ;
; Number of Swept Nodes Reported in Synthesis Report               ; 5000                ; 5000               ;
; Number of Inverted Registers Reported in Synthesis Report        ; 100                 ; 100                ;
; Clock MUX Protection                                             ; On                  ; On                 ;
; Auto Gated Clock Conversion                                      ; Off                 ; Off                ;
; Block Design Naming                                              ; Auto                ; Auto               ;
; SDC constraint protection                                        ; Off                 ; Off                ;
; Synthesis Effort                                                 ; Auto                ; Auto               ;
; Shift Register Replacement - Allow Asynchronous Clear Signal     ; On                  ; On                 ;
; Pre-Mapping Resynthesis Optimization                             ; Off                 ; Off                ;
; Analysis & Synthesis Message Level                               ; Medium              ; Medium             ;
; Disable Register Merging Across Hierarchies                      ; Auto                ; Auto               ;
; Resource Aware Inference For Block RAM                           ; On                  ; On                 ;
+------------------------------------------------------------------+---------------------+--------------------+


Parallel compilation was disabled, but you have multiple processors available. Enable parallel compilation to reduce compilation time.
+-------------------------------------+
; Parallel Compilation                ;
+----------------------------+--------+
; Processors                 ; Number ;
+----------------------------+--------+
; Number detected on machine ; 2      ;
; Maximum allowed            ; 1      ;
+----------------------------+--------+


+-------------------------------------------------------------------------------------------------------------------------------------------------------------------------------------------------------------------------------------------------------------------------+
; Analysis & Synthesis Source Files Read                                                                                                                                                                                                                                  ;
+-----------------------------------------------------------------------------------------+-----------------+------------------------------+--------------------------------------------------------------------------------------------------------------------+---------+
; File Name with User-Entered Path                                                        ; Used in Netlist ; File Type                    ; File Name with Absolute Path                                                                                       ; Library ;
+-----------------------------------------------------------------------------------------+-----------------+------------------------------+--------------------------------------------------------------------------------------------------------------------+---------+
; ../../../../../../../../shared/k5_share/k5_xbox/hw/xbox/xbox_def_pkg.sv                 ; yes             ; User SystemVerilog HDL File  ; /project/tsmc65/shared/k5_share/k5_xbox/hw/xbox/xbox_def_pkg.sv                                                    ;         ;
; ../../../../../../../../shared/k5_share/k5_xbox/hw/xbox/xbox_xlrs/mem/mem_intf_read.sv  ; yes             ; User SystemVerilog HDL File  ; /project/tsmc65/shared/k5_share/k5_xbox/hw/xbox/xbox_xlrs/mem/mem_intf_read.sv                                     ;         ;
; ../../../../../../../../shared/k5_share/k5_xbox/hw/xbox/xbox_xlrs/mem/mem_intf_write.sv ; yes             ; User SystemVerilog HDL File  ; /project/tsmc65/shared/k5_share/k5_xbox/hw/xbox/xbox_xlrs/mem/mem_intf_write.sv                                    ;         ;
; ../../../../../../../../shared/k5_share/slrx_ref/hw/top/slrx_def_pkg.sv                 ; yes             ; User SystemVerilog HDL File  ; /project/tsmc65/shared/k5_share/slrx_ref/hw/top/slrx_def_pkg.sv                                                    ;         ;
; ../../../../../../../../shared/k5_share/slrx_ref/hw/top/slrx_regs_intrf.sv              ; yes             ; User SystemVerilog HDL File  ; /project/tsmc65/shared/k5_share/slrx_ref/hw/top/slrx_regs_intrf.sv                                                 ;         ;
; /data/project/tsmc65/shared/qsyn/qsyn_dummy_xlr_wrap/qsyn_dummy_xlr_wrap_sri.sv         ; yes             ; User SystemVerilog HDL File  ; /data/project/tsmc65/shared/qsyn/qsyn_dummy_xlr_wrap/qsyn_dummy_xlr_wrap_sri.sv                                    ;         ;
; /data/project/tsmc65/users/mentcy/ws/my_k5_proj/hw/xlrs/slrx/pool/pool.sv               ; yes             ; User SystemVerilog HDL File  ; /data/project/tsmc65/users/mentcy/ws/my_k5_proj/hw/xlrs/slrx/pool/pool.sv                                          ;         ;
; /project/tsmc65/shared/k5_share/slrx_ref/hw/top/slrx_enums.svh                          ; yes             ; Auto-Found Unspecified File  ; /project/tsmc65/shared/k5_share/slrx_ref/hw/top/slrx_enums.svh                                                     ;         ;
; lpm_mult.tdf                                                                            ; yes             ; Megafunction                 ; /data/project/tsmc65/shared/quartus_install/intelFPGA_lite/24.1std/quartus/libraries/megafunctions/lpm_mult.tdf    ;         ;
; aglobal241.inc                                                                          ; yes             ; Megafunction                 ; /data/project/tsmc65/shared/quartus_install/intelFPGA_lite/24.1std/quartus/libraries/megafunctions/aglobal241.inc  ;         ;
; lpm_add_sub.inc                                                                         ; yes             ; Megafunction                 ; /data/project/tsmc65/shared/quartus_install/intelFPGA_lite/24.1std/quartus/libraries/megafunctions/lpm_add_sub.inc ;         ;
; multcore.inc                                                                            ; yes             ; Megafunction                 ; /data/project/tsmc65/shared/quartus_install/intelFPGA_lite/24.1std/quartus/libraries/megafunctions/multcore.inc    ;         ;
; bypassff.inc                                                                            ; yes             ; Megafunction                 ; /data/project/tsmc65/shared/quartus_install/intelFPGA_lite/24.1std/quartus/libraries/megafunctions/bypassff.inc    ;         ;
; altshift.inc                                                                            ; yes             ; Megafunction                 ; /data/project/tsmc65/shared/quartus_install/intelFPGA_lite/24.1std/quartus/libraries/megafunctions/altshift.inc    ;         ;
; db/mult_kks.tdf                                                                         ; yes             ; Auto-Generated Megafunction  ; /project/tsmc65/users/mentcy/ws/my_k5_proj/hw/xlrs/slrx/pool/db/mult_kks.tdf                                       ;         ;
; db/mult_oks.tdf                                                                         ; yes             ; Auto-Generated Megafunction  ; /project/tsmc65/users/mentcy/ws/my_k5_proj/hw/xlrs/slrx/pool/db/mult_oks.tdf                                       ;         ;
+-----------------------------------------------------------------------------------------+-----------------+------------------------------+--------------------------------------------------------------------------------------------------------------------+---------+


+---------------------------------------------------------+
; Analysis & Synthesis Resource Usage Summary             ;
+---------------------------------------------+-----------+
; Resource                                    ; Usage     ;
+---------------------------------------------+-----------+
; Estimated Total logic elements              ; 1,498     ;
;                                             ;           ;
; Total combinational functions               ; 1224      ;
; Logic element usage by number of LUT inputs ;           ;
;     -- 4 input functions                    ; 212       ;
;     -- 3 input functions                    ; 837       ;
;     -- <=2 input functions                  ; 175       ;
;                                             ;           ;
; Logic elements by mode                      ;           ;
;     -- normal mode                          ; 868       ;
;     -- arithmetic mode                      ; 356       ;
;                                             ;           ;
; Total registers                             ; 930       ;
;     -- Dedicated logic registers            ; 930       ;
;     -- I/O registers                        ; 0         ;
;                                             ;           ;
; I/O pins                                    ; 120       ;
;                                             ;           ;
; Embedded Multiplier 9-bit elements          ; 2         ;
;                                             ;           ;
; Maximum fan-out node                        ; clk~input ;
; Maximum fan-out                             ; 930       ;
; Total fan-out                               ; 7459      ;
; Average fan-out                             ; 3.11      ;
+---------------------------------------------+-----------+


+------------------------------------------------------------------------------------------------------------------------------------------------------------------------------------------------------------------------------------------------------------------------------------------------------+
; Analysis & Synthesis Resource Utilization by Entity                                                                                                                                                                                                                                                  ;
+------------------------------------+---------------------+---------------------------+-------------+------------+--------------+---------+-----------+------+--------------+------------+-----------------------------------------------------------------------+---------------------+--------------+
; Compilation Hierarchy Node         ; Combinational ALUTs ; Dedicated Logic Registers ; Memory Bits ; UFM Blocks ; DSP Elements ; DSP 9x9 ; DSP 18x18 ; Pins ; Virtual Pins ; ADC blocks ; Full Hierarchy Name                                                   ; Entity Name         ; Library Name ;
+------------------------------------+---------------------+---------------------------+-------------+------------+--------------+---------+-----------+------+--------------+------------+-----------------------------------------------------------------------+---------------------+--------------+
; |qsyn_dummy_xlr_wrap               ; 1224 (338)          ; 930 (330)                 ; 0           ; 0          ; 2            ; 2       ; 0         ; 120  ; 0            ; 0          ; |qsyn_dummy_xlr_wrap                                                  ; qsyn_dummy_xlr_wrap ; work         ;
;    |pool:pool|                     ; 886 (886)           ; 600 (600)                 ; 0           ; 0          ; 2            ; 2       ; 0         ; 0    ; 0            ; 0          ; |qsyn_dummy_xlr_wrap|pool:pool                                        ; pool                ; work         ;
;       |lpm_mult:Mult0|             ; 0 (0)               ; 0 (0)                     ; 0           ; 0          ; 1            ; 1       ; 0         ; 0    ; 0            ; 0          ; |qsyn_dummy_xlr_wrap|pool:pool|lpm_mult:Mult0                         ; lpm_mult            ; work         ;
;          |mult_kks:auto_generated| ; 0 (0)               ; 0 (0)                     ; 0           ; 0          ; 1            ; 1       ; 0         ; 0    ; 0            ; 0          ; |qsyn_dummy_xlr_wrap|pool:pool|lpm_mult:Mult0|mult_kks:auto_generated ; mult_kks            ; work         ;
;       |lpm_mult:Mult1|             ; 0 (0)               ; 0 (0)                     ; 0           ; 0          ; 1            ; 1       ; 0         ; 0    ; 0            ; 0          ; |qsyn_dummy_xlr_wrap|pool:pool|lpm_mult:Mult1                         ; lpm_mult            ; work         ;
;          |mult_oks:auto_generated| ; 0 (0)               ; 0 (0)                     ; 0           ; 0          ; 1            ; 1       ; 0         ; 0    ; 0            ; 0          ; |qsyn_dummy_xlr_wrap|pool:pool|lpm_mult:Mult1|mult_oks:auto_generated ; mult_oks            ; work         ;
+------------------------------------+---------------------+---------------------------+-------------+------------+--------------+---------+-----------+------+--------------+------------+-----------------------------------------------------------------------+---------------------+--------------+
Note: For table entries with two numbers listed, the numbers in parentheses indicate the number of resources of the given type used by the specific entity alone. The numbers listed outside of parentheses indicate the total resources of the given type used by the specific entity and all of its sub-entities in the hierarchy.


+-----------------------------------------------------+
; Analysis & Synthesis DSP Block Usage Summary        ;
+---------------------------------------+-------------+
; Statistic                             ; Number Used ;
+---------------------------------------+-------------+
; Simple Multipliers (9-bit)            ; 2           ;
; Simple Multipliers (18-bit)           ; 0           ;
; Embedded Multiplier Blocks            ; --          ;
; Embedded Multiplier 9-bit elements    ; 2           ;
; Signed Embedded Multipliers           ; 0           ;
; Unsigned Embedded Multipliers         ; 2           ;
; Mixed Sign Embedded Multipliers       ; 0           ;
; Variable Sign Embedded Multipliers    ; 0           ;
; Dedicated Input Shift Register Chains ; 0           ;
+---------------------------------------+-------------+
Note: number of Embedded Multiplier Blocks used is only available after a successful fit.


+---------------------------------------------------------------------------------+
; Registers Removed During Synthesis                                              ;
+----------------------------------------+----------------------------------------+
; Register name                          ; Reason for Removal                     ;
+----------------------------------------+----------------------------------------+
; host_regs_valid_out~reg0               ; Stuck at GND due to stuck port data_in ;
; pool:pool|state[3..9,11..31]           ; Merged with pool:pool|state[10]        ;
; pool:pool|state[10]                    ; Stuck at GND due to stuck port data_in ;
; Total Number of Removed Registers = 30 ;                                        ;
+----------------------------------------+----------------------------------------+


+------------------------------------------------------+
; General Register Statistics                          ;
+----------------------------------------------+-------+
; Statistic                                    ; Value ;
+----------------------------------------------+-------+
; Total registers                              ; 930   ;
; Number of registers using Synchronous Clear  ; 37    ;
; Number of registers using Synchronous Load   ; 128   ;
; Number of registers using Asynchronous Clear ; 930   ;
; Number of registers using Asynchronous Load  ; 0     ;
; Number of registers using Clock Enable       ; 500   ;
; Number of registers using Preset             ; 0     ;
+----------------------------------------------+-------+


+--------------------------------------------------------------------------------------------------------------------------------------------------------------+
; Multiplexer Restructuring Statistics (Restructuring Performed)                                                                                               ;
+--------------------+-----------+---------------+----------------------+------------------------+------------+------------------------------------------------+
; Multiplexer Inputs ; Bus Width ; Baseline Area ; Area if Restructured ; Saving if Restructured ; Registered ; Example Multiplexer Output                     ;
+--------------------+-----------+---------------+----------------------+------------------------+------------+------------------------------------------------+
; 9:1                ; 32 bits   ; 192 LEs       ; 192 LEs              ; 0 LEs                  ; Yes        ; |qsyn_dummy_xlr_wrap|dummy_dout[22]~reg0       ;
; 5:1                ; 5 bits    ; 15 LEs        ; 5 LEs                ; 10 LEs                 ; Yes        ; |qsyn_dummy_xlr_wrap|pool:pool|load_row_idx[2] ;
; 11:1               ; 3 bits    ; 21 LEs        ; 9 LEs                ; 12 LEs                 ; Yes        ; |qsyn_dummy_xlr_wrap|pool:pool|state[10]       ;
+--------------------+-----------+---------------+----------------------+------------------------+------------+------------------------------------------------+


+--------------------------------------------------------------------------+
; Parameter Settings for User Entity Instance: mem_intf_read:mem_intf_read ;
+-------------------+-------+----------------------------------------------+
; Parameter Name    ; Value ; Type                                         ;
+-------------------+-------+----------------------------------------------+
; BYTE_WIDTH        ; 8     ; Signed Integer                               ;
; NUM_BYTES_IN_LINE ; 32    ; Signed Integer                               ;
+-------------------+-------+----------------------------------------------+
Note: In order to hide this table in the UI and the text report file, please set the "Show Parameter Settings in Synthesis Report" option in "Analysis and Synthesis Settings -> More Settings" to "Off".


+----------------------------------------------------------------------------+
; Parameter Settings for User Entity Instance: mem_intf_write:mem_intf_write ;
+-------------------+-------+------------------------------------------------+
; Parameter Name    ; Value ; Type                                           ;
+-------------------+-------+------------------------------------------------+
; BYTE_WIDTH        ; 8     ; Signed Integer                                 ;
; NUM_BYTES_IN_LINE ; 32    ; Signed Integer                                 ;
+-------------------+-------+------------------------------------------------+
Note: In order to hide this table in the UI and the text report file, please set the "Show Parameter Settings in Synthesis Report" option in "Analysis and Synthesis Settings -> More Settings" to "Off".


+---------------------------------------------------------------------------------+
; Parameter Settings for Inferred Entity Instance: pool:pool|lpm_mult:Mult0       ;
+------------------------------------------------+----------+---------------------+
; Parameter Name                                 ; Value    ; Type                ;
+------------------------------------------------+----------+---------------------+
; AUTO_CARRY_CHAINS                              ; ON       ; AUTO_CARRY          ;
; IGNORE_CARRY_BUFFERS                           ; OFF      ; IGNORE_CARRY        ;
; AUTO_CASCADE_CHAINS                            ; ON       ; AUTO_CASCADE        ;
; IGNORE_CASCADE_BUFFERS                         ; OFF      ; IGNORE_CASCADE      ;
; LPM_WIDTHA                                     ; 5        ; Untyped             ;
; LPM_WIDTHB                                     ; 5        ; Untyped             ;
; LPM_WIDTHP                                     ; 10       ; Untyped             ;
; LPM_WIDTHR                                     ; 10       ; Untyped             ;
; LPM_WIDTHS                                     ; 1        ; Untyped             ;
; LPM_REPRESENTATION                             ; UNSIGNED ; Untyped             ;
; LPM_PIPELINE                                   ; 0        ; Untyped             ;
; LATENCY                                        ; 0        ; Untyped             ;
; INPUT_A_IS_CONSTANT                            ; NO       ; Untyped             ;
; INPUT_B_IS_CONSTANT                            ; NO       ; Untyped             ;
; USE_EAB                                        ; OFF      ; Untyped             ;
; MAXIMIZE_SPEED                                 ; 5        ; Untyped             ;
; DEVICE_FAMILY                                  ; MAX 10   ; Untyped             ;
; CARRY_CHAIN                                    ; MANUAL   ; Untyped             ;
; APEX20K_TECHNOLOGY_MAPPER                      ; LUT      ; TECH_MAPPER_APEX20K ;
; DEDICATED_MULTIPLIER_CIRCUITRY                 ; AUTO     ; Untyped             ;
; DEDICATED_MULTIPLIER_MIN_INPUT_WIDTH_FOR_AUTO  ; 0        ; Untyped             ;
; DEDICATED_MULTIPLIER_MIN_OUTPUT_WIDTH_FOR_AUTO ; 0        ; Untyped             ;
; CBXI_PARAMETER                                 ; mult_kks ; Untyped             ;
; INPUT_A_FIXED_VALUE                            ; Bx       ; Untyped             ;
; INPUT_B_FIXED_VALUE                            ; Bx       ; Untyped             ;
; USE_AHDL_IMPLEMENTATION                        ; OFF      ; Untyped             ;
+------------------------------------------------+----------+---------------------+
Note: In order to hide this table in the UI and the text report file, please set the "Show Parameter Settings in Synthesis Report" option in "Analysis and Synthesis Settings -> More Settings" to "Off".


+---------------------------------------------------------------------------------+
; Parameter Settings for Inferred Entity Instance: pool:pool|lpm_mult:Mult1       ;
+------------------------------------------------+----------+---------------------+
; Parameter Name                                 ; Value    ; Type                ;
+------------------------------------------------+----------+---------------------+
; AUTO_CARRY_CHAINS                              ; ON       ; AUTO_CARRY          ;
; IGNORE_CARRY_BUFFERS                           ; OFF      ; IGNORE_CARRY        ;
; AUTO_CASCADE_CHAINS                            ; ON       ; AUTO_CASCADE        ;
; IGNORE_CASCADE_BUFFERS                         ; OFF      ; IGNORE_CASCADE      ;
; LPM_WIDTHA                                     ; 6        ; Untyped             ;
; LPM_WIDTHB                                     ; 6        ; Untyped             ;
; LPM_WIDTHP                                     ; 12       ; Untyped             ;
; LPM_WIDTHR                                     ; 12       ; Untyped             ;
; LPM_WIDTHS                                     ; 1        ; Untyped             ;
; LPM_REPRESENTATION                             ; UNSIGNED ; Untyped             ;
; LPM_PIPELINE                                   ; 0        ; Untyped             ;
; LATENCY                                        ; 0        ; Untyped             ;
; INPUT_A_IS_CONSTANT                            ; NO       ; Untyped             ;
; INPUT_B_IS_CONSTANT                            ; NO       ; Untyped             ;
; USE_EAB                                        ; OFF      ; Untyped             ;
; MAXIMIZE_SPEED                                 ; 5        ; Untyped             ;
; DEVICE_FAMILY                                  ; MAX 10   ; Untyped             ;
; CARRY_CHAIN                                    ; MANUAL   ; Untyped             ;
; APEX20K_TECHNOLOGY_MAPPER                      ; LUT      ; TECH_MAPPER_APEX20K ;
; DEDICATED_MULTIPLIER_CIRCUITRY                 ; AUTO     ; Untyped             ;
; DEDICATED_MULTIPLIER_MIN_INPUT_WIDTH_FOR_AUTO  ; 0        ; Untyped             ;
; DEDICATED_MULTIPLIER_MIN_OUTPUT_WIDTH_FOR_AUTO ; 0        ; Untyped             ;
; CBXI_PARAMETER                                 ; mult_oks ; Untyped             ;
; INPUT_A_FIXED_VALUE                            ; Bx       ; Untyped             ;
; INPUT_B_FIXED_VALUE                            ; Bx       ; Untyped             ;
; USE_AHDL_IMPLEMENTATION                        ; OFF      ; Untyped             ;
+------------------------------------------------+----------+---------------------+
Note: In order to hide this table in the UI and the text report file, please set the "Show Parameter Settings in Synthesis Report" option in "Analysis and Synthesis Settings -> More Settings" to "Off".


+------------------------------------------------------------------+
; lpm_mult Parameter Settings by Entity Instance                   ;
+---------------------------------------+--------------------------+
; Name                                  ; Value                    ;
+---------------------------------------+--------------------------+
; Number of entity instances            ; 2                        ;
; Entity Instance                       ; pool:pool|lpm_mult:Mult0 ;
;     -- LPM_WIDTHA                     ; 5                        ;
;     -- LPM_WIDTHB                     ; 5                        ;
;     -- LPM_WIDTHP                     ; 10                       ;
;     -- LPM_REPRESENTATION             ; UNSIGNED                 ;
;     -- INPUT_A_IS_CONSTANT            ; NO                       ;
;     -- INPUT_B_IS_CONSTANT            ; NO                       ;
;     -- USE_EAB                        ; OFF                      ;
;     -- DEDICATED_MULTIPLIER_CIRCUITRY ; AUTO                     ;
;     -- INPUT_A_FIXED_VALUE            ; Bx                       ;
;     -- INPUT_B_FIXED_VALUE            ; Bx                       ;
; Entity Instance                       ; pool:pool|lpm_mult:Mult1 ;
;     -- LPM_WIDTHA                     ; 6                        ;
;     -- LPM_WIDTHB                     ; 6                        ;
;     -- LPM_WIDTHP                     ; 12                       ;
;     -- LPM_REPRESENTATION             ; UNSIGNED                 ;
;     -- INPUT_A_IS_CONSTANT            ; NO                       ;
;     -- INPUT_B_IS_CONSTANT            ; NO                       ;
;     -- USE_EAB                        ; OFF                      ;
;     -- DEDICATED_MULTIPLIER_CIRCUITRY ; AUTO                     ;
;     -- INPUT_A_FIXED_VALUE            ; Bx                       ;
;     -- INPUT_B_FIXED_VALUE            ; Bx                       ;
+---------------------------------------+--------------------------+


+-----------------------------------------------------+
; Post-Synthesis Netlist Statistics for Top Partition ;
+-----------------------+-----------------------------+
; Type                  ; Count                       ;
+-----------------------+-----------------------------+
; boundary_port         ; 120                         ;
; cycloneiii_ff         ; 930                         ;
;     CLR               ; 270                         ;
;     CLR SCLR          ; 32                          ;
;     CLR SLD           ; 128                         ;
;     ENA CLR           ; 495                         ;
;     ENA CLR SCLR      ; 5                           ;
; cycloneiii_lcell_comb ; 1225                        ;
;     arith             ; 356                         ;
;         2 data inputs ; 21                          ;
;         3 data inputs ; 335                         ;
;     normal            ; 869                         ;
;         0 data inputs ; 15                          ;
;         1 data inputs ; 4                           ;
;         2 data inputs ; 136                         ;
;         3 data inputs ; 502                         ;
;         4 data inputs ; 212                         ;
; cycloneiii_mac_mult   ; 2                           ;
; cycloneiii_mac_out    ; 2                           ;
;                       ;                             ;
; Max LUT depth         ; 4.50                        ;
; Average LUT depth     ; 2.92                        ;
+-----------------------+-----------------------------+


+-------------------------------+
; Elapsed Time Per Partition    ;
+----------------+--------------+
; Partition Name ; Elapsed Time ;
+----------------+--------------+
; Top            ; 00:00:02     ;
+----------------+--------------+


+-------------------------------+
; Analysis & Synthesis Messages ;
+-------------------------------+
Info: *******************************************************************
Info: Running Quartus Prime Analysis & Synthesis
    Info: Version 24.1std.0 Build 1077 03/04/2025 SC Lite Edition
    Info: Copyright (C) 2025  Altera Corporation. All rights reserved.
    Info: Your use of Altera Corporation's design tools, logic functions 
    Info: and other software and tools, and any partner logic 
    Info: functions, and any output files from any of the foregoing 
    Info: (including device programming or simulation files), and any 
    Info: associated documentation or information are expressly subject 
    Info: to the terms and conditions of the Altera Program License 
    Info: Subscription Agreement, the Altera Quartus Prime License Agreement,
    Info: the Altera IP License Agreement, or other applicable license
    Info: agreement, including, without limitation, that your use is for
    Info: the sole purpose of programming logic devices manufactured by
    Info: Altera and sold by Altera or its authorized distributors.  Please
    Info: refer to the Altera Software License Subscription Agreements 
    Info: on the Quartus Prime software download page.
    Info: Processing started: Mon Jun 15 09:38:29 2026
Info: Command: quartus_map --read_settings_files=on --write_settings_files=off pool -c pool
Info (12021): Found 1 design units, including 0 entities, in source file /project/tsmc65/shared/k5_share/k5_xbox/hw/xbox/xbox_def_pkg.sv
    Info (12022): Found design unit 1: xbox_def_pkg (SystemVerilog) File: /project/tsmc65/shared/k5_share/k5_xbox/hw/xbox/xbox_def_pkg.sv Line: 1
Info (12021): Found 1 design units, including 1 entities, in source file /project/tsmc65/shared/k5_share/k5_xbox/hw/xbox/xbox_xlrs/mem/mem_intf_read.sv
    Info (12023): Found entity 1: mem_intf_read File: /project/tsmc65/shared/k5_share/k5_xbox/hw/xbox/xbox_xlrs/mem/mem_intf_read.sv Line: 2
Info (12021): Found 1 design units, including 1 entities, in source file /project/tsmc65/shared/k5_share/k5_xbox/hw/xbox/xbox_xlrs/mem/mem_intf_write.sv
    Info (12023): Found entity 1: mem_intf_write File: /project/tsmc65/shared/k5_share/k5_xbox/hw/xbox/xbox_xlrs/mem/mem_intf_write.sv Line: 3
Info (12021): Found 1 design units, including 0 entities, in source file /project/tsmc65/shared/k5_share/slrx_ref/hw/top/slrx_def_pkg.sv
    Info (12022): Found design unit 1: slrx_def_pkg (SystemVerilog) File: /project/tsmc65/shared/k5_share/slrx_ref/hw/top/slrx_def_pkg.sv Line: 1
Info (12021): Found 1 design units, including 1 entities, in source file /project/tsmc65/shared/k5_share/slrx_ref/hw/top/slrx_regs_intrf.sv
    Info (12023): Found entity 1: slrx_regs_intrf File: /project/tsmc65/shared/k5_share/slrx_ref/hw/top/slrx_regs_intrf.sv Line: 4
Info (12021): Found 1 design units, including 1 entities, in source file /data/project/tsmc65/shared/qsyn/qsyn_dummy_xlr_wrap/qsyn_dummy_xlr_wrap_sri.sv
    Info (12023): Found entity 1: qsyn_dummy_xlr_wrap File: /data/project/tsmc65/shared/qsyn/qsyn_dummy_xlr_wrap/qsyn_dummy_xlr_wrap_sri.sv Line: 5
Info (12021): Found 1 design units, including 1 entities, in source file /data/project/tsmc65/users/mentcy/ws/my_k5_proj/hw/xlrs/slrx/pool/pool.sv
    Info (12023): Found entity 1: pool File: /data/project/tsmc65/users/mentcy/ws/my_k5_proj/hw/xlrs/slrx/pool/pool.sv Line: 6
Info (12127): Elaborating entity "qsyn_dummy_xlr_wrap" for the top level hierarchy
Info (12128): Elaborating entity "mem_intf_read" for hierarchy "mem_intf_read:mem_intf_read" File: /data/project/tsmc65/shared/qsyn/qsyn_dummy_xlr_wrap/qsyn_dummy_xlr_wrap_sri.sv Line: 35
Warning (12158): Entity "mem_intf_read" contains only dangling pins File: /data/project/tsmc65/shared/qsyn/qsyn_dummy_xlr_wrap/qsyn_dummy_xlr_wrap_sri.sv Line: 35
Info (12128): Elaborating entity "mem_intf_write" for hierarchy "mem_intf_write:mem_intf_write" File: /data/project/tsmc65/shared/qsyn/qsyn_dummy_xlr_wrap/qsyn_dummy_xlr_wrap_sri.sv Line: 36
Warning (12158): Entity "mem_intf_write" contains only dangling pins File: /data/project/tsmc65/shared/qsyn/qsyn_dummy_xlr_wrap/qsyn_dummy_xlr_wrap_sri.sv Line: 36
Info (12128): Elaborating entity "slrx_regs_intrf" for hierarchy "slrx_regs_intrf:slrx_regs_intrf" File: /data/project/tsmc65/shared/qsyn/qsyn_dummy_xlr_wrap/qsyn_dummy_xlr_wrap_sri.sv Line: 37
Warning (12158): Entity "slrx_regs_intrf" contains only dangling pins File: /data/project/tsmc65/shared/qsyn/qsyn_dummy_xlr_wrap/qsyn_dummy_xlr_wrap_sri.sv Line: 37
Info (12128): Elaborating entity "pool" for hierarchy "pool:pool" File: /data/project/tsmc65/shared/qsyn/qsyn_dummy_xlr_wrap/qsyn_dummy_xlr_wrap_sri.sv Line: 75
Warning (10036): Verilog HDL or VHDL warning at pool.sv(39): object "arr_in_next_row_addr_s" assigned a value but never read File: /data/project/tsmc65/users/mentcy/ws/my_k5_proj/hw/xlrs/slrx/pool/pool.sv Line: 39
Warning (10230): Verilog HDL assignment warning at pool.sv(58): truncated value with size 32 to match size of target (16) File: /data/project/tsmc65/users/mentcy/ws/my_k5_proj/hw/xlrs/slrx/pool/pool.sv Line: 58
Warning (10230): Verilog HDL assignment warning at pool.sv(59): truncated value with size 32 to match size of target (16) File: /data/project/tsmc65/users/mentcy/ws/my_k5_proj/hw/xlrs/slrx/pool/pool.sv Line: 59
Warning (10230): Verilog HDL assignment warning at pool.sv(60): truncated value with size 32 to match size of target (6) File: /data/project/tsmc65/users/mentcy/ws/my_k5_proj/hw/xlrs/slrx/pool/pool.sv Line: 60
Warning (10230): Verilog HDL assignment warning at pool.sv(61): truncated value with size 32 to match size of target (5) File: /data/project/tsmc65/users/mentcy/ws/my_k5_proj/hw/xlrs/slrx/pool/pool.sv Line: 61
Warning (10230): Verilog HDL assignment warning at pool.sv(63): truncated value with size 32 to match size of target (6) File: /data/project/tsmc65/users/mentcy/ws/my_k5_proj/hw/xlrs/slrx/pool/pool.sv Line: 63
Warning (10230): Verilog HDL assignment warning at pool.sv(91): truncated value with size 32 to match size of target (16) File: /data/project/tsmc65/users/mentcy/ws/my_k5_proj/hw/xlrs/slrx/pool/pool.sv Line: 91
Warning (10230): Verilog HDL assignment warning at pool.sv(115): truncated value with size 32 to match size of target (8) File: /data/project/tsmc65/users/mentcy/ws/my_k5_proj/hw/xlrs/slrx/pool/pool.sv Line: 115
Warning (10230): Verilog HDL assignment warning at pool.sv(120): truncated value with size 32 to match size of target (5) File: /data/project/tsmc65/users/mentcy/ws/my_k5_proj/hw/xlrs/slrx/pool/pool.sv Line: 120
Info (10008): Verilog HDL or VHDL information: EDA Netlist Writer cannot regroup multidimensional array "calc_pool_win.pool_in_buf" into its bus
Info (10008): Verilog HDL or VHDL information: EDA Netlist Writer cannot regroup multidimensional array "pool_in_buf" into its bus
Info (10008): Verilog HDL or VHDL information: EDA Netlist Writer cannot regroup multidimensional array "pool_in_buf_ps" into its bus
Warning (12161): Node "slrx_regs_intrf:slrx_regs_intrf|slrx_regs_intrf.xlr_start" is stuck at GND because node is in wire loop and does not have a source File: /project/tsmc65/shared/k5_share/slrx_ref/hw/top/slrx_regs_intrf.sv Line: 4
Warning (12161): Node "slrx_regs_intrf:slrx_regs_intrf|slrx_regs_intrf.slrx_cmd[2]" is stuck at GND because node is in wire loop and does not have a source File: /project/tsmc65/shared/k5_share/slrx_ref/hw/top/slrx_regs_intrf.sv Line: 4
Warning (12161): Node "slrx_regs_intrf:slrx_regs_intrf|slrx_regs_intrf.slrx_cmd[1]" is stuck at GND because node is in wire loop and does not have a source File: /project/tsmc65/shared/k5_share/slrx_ref/hw/top/slrx_regs_intrf.sv Line: 4
Warning (12161): Node "slrx_regs_intrf:slrx_regs_intrf|slrx_regs_intrf.slrx_cmd[0]" is stuck at GND because node is in wire loop and does not have a source File: /project/tsmc65/shared/k5_share/slrx_ref/hw/top/slrx_regs_intrf.sv Line: 4
Info (278001): Inferred 2 megafunctions from design logic
    Info (278003): Inferred multiplier megafunction ("lpm_mult") from the following logic: "pool:pool|Mult0" File: /data/project/tsmc65/users/mentcy/ws/my_k5_proj/hw/xlrs/slrx/pool/pool.sv Line: 83
    Info (278003): Inferred multiplier megafunction ("lpm_mult") from the following logic: "pool:pool|Mult1" File: /data/project/tsmc65/users/mentcy/ws/my_k5_proj/hw/xlrs/slrx/pool/pool.sv Line: 91
Info (12130): Elaborated megafunction instantiation "pool:pool|lpm_mult:Mult0" File: /data/project/tsmc65/users/mentcy/ws/my_k5_proj/hw/xlrs/slrx/pool/pool.sv Line: 83
Info (12133): Instantiated megafunction "pool:pool|lpm_mult:Mult0" with the following parameter: File: /data/project/tsmc65/users/mentcy/ws/my_k5_proj/hw/xlrs/slrx/pool/pool.sv Line: 83
    Info (12134): Parameter "LPM_WIDTHA" = "5"
    Info (12134): Parameter "LPM_WIDTHB" = "5"
    Info (12134): Parameter "LPM_WIDTHP" = "10"
    Info (12134): Parameter "LPM_WIDTHR" = "10"
    Info (12134): Parameter "LPM_WIDTHS" = "1"
    Info (12134): Parameter "LPM_REPRESENTATION" = "UNSIGNED"
    Info (12134): Parameter "INPUT_A_IS_CONSTANT" = "NO"
    Info (12134): Parameter "INPUT_B_IS_CONSTANT" = "NO"
    Info (12134): Parameter "MAXIMIZE_SPEED" = "5"
Info (12021): Found 1 design units, including 1 entities, in source file db/mult_kks.tdf
    Info (12023): Found entity 1: mult_kks File: /project/tsmc65/users/mentcy/ws/my_k5_proj/hw/xlrs/slrx/pool/db/mult_kks.tdf Line: 29
Info (12130): Elaborated megafunction instantiation "pool:pool|lpm_mult:Mult1" File: /data/project/tsmc65/users/mentcy/ws/my_k5_proj/hw/xlrs/slrx/pool/pool.sv Line: 91
Info (12133): Instantiated megafunction "pool:pool|lpm_mult:Mult1" with the following parameter: File: /data/project/tsmc65/users/mentcy/ws/my_k5_proj/hw/xlrs/slrx/pool/pool.sv Line: 91
    Info (12134): Parameter "LPM_WIDTHA" = "6"
    Info (12134): Parameter "LPM_WIDTHB" = "6"
    Info (12134): Parameter "LPM_WIDTHP" = "12"
    Info (12134): Parameter "LPM_WIDTHR" = "12"
    Info (12134): Parameter "LPM_WIDTHS" = "1"
    Info (12134): Parameter "LPM_REPRESENTATION" = "UNSIGNED"
    Info (12134): Parameter "INPUT_A_IS_CONSTANT" = "NO"
    Info (12134): Parameter "INPUT_B_IS_CONSTANT" = "NO"
    Info (12134): Parameter "MAXIMIZE_SPEED" = "5"
Info (12021): Found 1 design units, including 1 entities, in source file db/mult_oks.tdf
    Info (12023): Found entity 1: mult_oks File: /project/tsmc65/users/mentcy/ws/my_k5_proj/hw/xlrs/slrx/pool/db/mult_oks.tdf Line: 29
Warning (13024): Output pins are stuck at VCC or GND
    Warning (13410): Pin "host_regs_valid_out" is stuck at GND File: /data/project/tsmc65/shared/qsyn/qsyn_dummy_xlr_wrap/qsyn_dummy_xlr_wrap_sri.sv Line: 27
Info (286030): Timing-Driven Synthesis is running
Info (16010): Generating hard_block partition "hard_block:auto_generated_inst"
    Info (16011): Adding 0 node(s), including 0 DDIO, 0 PLL, 0 transceiver and 0 LCELL
Warning (21074): Design contains 15 input pin(s) that do not drive logic
    Warning (15610): No output dependent on input pin "host_regs_read_pulse[0]" File: /data/project/tsmc65/shared/qsyn/qsyn_dummy_xlr_wrap/qsyn_dummy_xlr_wrap_sri.sv Line: 28
    Warning (15610): No output dependent on input pin "host_regs_read_pulse[1]" File: /data/project/tsmc65/shared/qsyn/qsyn_dummy_xlr_wrap/qsyn_dummy_xlr_wrap_sri.sv Line: 28
    Warning (15610): No output dependent on input pin "host_regs_read_pulse[2]" File: /data/project/tsmc65/shared/qsyn/qsyn_dummy_xlr_wrap/qsyn_dummy_xlr_wrap_sri.sv Line: 28
    Warning (15610): No output dependent on input pin "host_regs_read_pulse[3]" File: /data/project/tsmc65/shared/qsyn/qsyn_dummy_xlr_wrap/qsyn_dummy_xlr_wrap_sri.sv Line: 28
    Warning (15610): No output dependent on input pin "host_regs_read_pulse[4]" File: /data/project/tsmc65/shared/qsyn/qsyn_dummy_xlr_wrap/qsyn_dummy_xlr_wrap_sri.sv Line: 28
    Warning (15610): No output dependent on input pin "host_regs_read_pulse[5]" File: /data/project/tsmc65/shared/qsyn/qsyn_dummy_xlr_wrap/qsyn_dummy_xlr_wrap_sri.sv Line: 28
    Warning (15610): No output dependent on input pin "host_regs_read_pulse[6]" File: /data/project/tsmc65/shared/qsyn/qsyn_dummy_xlr_wrap/qsyn_dummy_xlr_wrap_sri.sv Line: 28
    Warning (15610): No output dependent on input pin "host_regs_read_pulse[7]" File: /data/project/tsmc65/shared/qsyn/qsyn_dummy_xlr_wrap/qsyn_dummy_xlr_wrap_sri.sv Line: 28
    Warning (15610): No output dependent on input pin "host_regs_read_pulse[8]" File: /data/project/tsmc65/shared/qsyn/qsyn_dummy_xlr_wrap/qsyn_dummy_xlr_wrap_sri.sv Line: 28
    Warning (15610): No output dependent on input pin "host_regs_read_pulse[9]" File: /data/project/tsmc65/shared/qsyn/qsyn_dummy_xlr_wrap/qsyn_dummy_xlr_wrap_sri.sv Line: 28
    Warning (15610): No output dependent on input pin "host_regs_read_pulse[10]" File: /data/project/tsmc65/shared/qsyn/qsyn_dummy_xlr_wrap/qsyn_dummy_xlr_wrap_sri.sv Line: 28
    Warning (15610): No output dependent on input pin "host_regs_read_pulse[11]" File: /data/project/tsmc65/shared/qsyn/qsyn_dummy_xlr_wrap/qsyn_dummy_xlr_wrap_sri.sv Line: 28
    Warning (15610): No output dependent on input pin "host_regs_read_pulse[12]" File: /data/project/tsmc65/shared/qsyn/qsyn_dummy_xlr_wrap/qsyn_dummy_xlr_wrap_sri.sv Line: 28
    Warning (15610): No output dependent on input pin "host_regs_read_pulse[13]" File: /data/project/tsmc65/shared/qsyn/qsyn_dummy_xlr_wrap/qsyn_dummy_xlr_wrap_sri.sv Line: 28
    Warning (15610): No output dependent on input pin "host_regs_read_pulse[14]" File: /data/project/tsmc65/shared/qsyn/qsyn_dummy_xlr_wrap/qsyn_dummy_xlr_wrap_sri.sv Line: 28
Info (21057): Implemented 1844 device resources after synthesis - the final resource count might be different
    Info (21058): Implemented 63 input pins
    Info (21059): Implemented 57 output pins
    Info (21061): Implemented 1722 logic cells
    Info (21062): Implemented 2 DSP elements
Info: Quartus Prime Analysis & Synthesis was successful. 0 errors, 34 warnings
    Info: Peak virtual memory: 639 megabytes
    Info: Processing ended: Mon Jun 15 09:38:46 2026
    Info: Elapsed time: 00:00:17
    Info: Total CPU time (on all processors): 00:00:17


