Info: *******************************************************************
Info: Running Quartus Prime Analysis & Synthesis
    Info: Version 24.1std.0 Build 1077 03/04/2025 SC Lite Edition
    Info: Copyright (C) 2025  Altera Corporation. All rights reserved.
    Info: Your use of Altera Corporation's design tools, logic functions 
    Info: and other software and tools, and any partner logic 
    Info: functions, and any output files from any of the foregoing 
    Info: (including device programming or simulation files), and any 
    Info: associated documentation or information are expressly subject 
    Info: to the terms and conditions of the Altera Program License 
    Info: Subscription Agreement, the Altera Quartus Prime License Agreement,
    Info: the Altera IP License Agreement, or other applicable license
    Info: agreement, including, without limitation, that your use is for
    Info: the sole purpose of programming logic devices manufactured by
    Info: Altera and sold by Altera or its authorized distributors.  Please
    Info: refer to the Altera Software License Subscription Agreements 
    Info: on the Quartus Prime software download page.
    Info: Processing started: Wed Jul  1 12:25:17 2026
Info: Command: quartus_map --read_settings_files=on --write_settings_files=off slrx -c slrx
Info (12021): Found 1 design units, including 0 entities, in source file /project/tsmc65/shared/k5_share/k5_xbox/hw/xbox/xbox_def_pkg.sv
    Info (12022): Found design unit 1: xbox_def_pkg (SystemVerilog) File: /project/tsmc65/shared/k5_share/k5_xbox/hw/xbox/xbox_def_pkg.sv Line: 1
Info (12021): Found 1 design units, including 1 entities, in source file /project/tsmc65/shared/k5_share/k5_xbox/hw/xbox/xbox_xlrs/mem/mem_intf_read.sv
    Info (12023): Found entity 1: mem_intf_read File: /project/tsmc65/shared/k5_share/k5_xbox/hw/xbox/xbox_xlrs/mem/mem_intf_read.sv Line: 2
Info (12021): Found 1 design units, including 1 entities, in source file /project/tsmc65/shared/k5_share/k5_xbox/hw/xbox/xbox_xlrs/mem/mem_intf_write.sv
    Info (12023): Found entity 1: mem_intf_write File: /project/tsmc65/shared/k5_share/k5_xbox/hw/xbox/xbox_xlrs/mem/mem_intf_write.sv Line: 3
Info (12021): Found 1 design units, including 1 entities, in source file /data/project/tsmc65/shared/qsyn/qsyn_dummy_xlr_wrap/qsyn_dummy_xlr_wrap.sv
    Info (12023): Found entity 1: qsyn_dummy_xlr_wrap File: /data/project/tsmc65/shared/qsyn/qsyn_dummy_xlr_wrap/qsyn_dummy_xlr_wrap.sv Line: 3
Info (12021): Found 1 design units, including 0 entities, in source file /data/project/tsmc65/users/mentcy/ws/my_k5_proj/hw/xlrs/slrx/top/slrx_def_pkg.sv
    Info (12022): Found design unit 1: slrx_def_pkg (SystemVerilog) File: /data/project/tsmc65/users/mentcy/ws/my_k5_proj/hw/xlrs/slrx/top/slrx_def_pkg.sv Line: 1
Info (12021): Found 1 design units, including 1 entities, in source file /data/project/tsmc65/users/mentcy/ws/my_k5_proj/hw/xlrs/slrx/top/slrx_regs_intrf.sv
    Info (12023): Found entity 1: slrx_regs_intrf File: /data/project/tsmc65/users/mentcy/ws/my_k5_proj/hw/xlrs/slrx/top/slrx_regs_intrf.sv Line: 4
Info (12021): Found 1 design units, including 1 entities, in source file /data/project/tsmc65/users/mentcy/ws/my_k5_proj/hw/xlrs/slrx/conv/conv.sv
    Info (12023): Found entity 1: conv File: /data/project/tsmc65/users/mentcy/ws/my_k5_proj/hw/xlrs/slrx/conv/conv.sv Line: 39
Info (12021): Found 1 design units, including 1 entities, in source file /data/project/tsmc65/users/mentcy/ws/my_k5_proj/hw/xlrs/slrx/pool/pool.sv
    Info (12023): Found entity 1: pool File: /data/project/tsmc65/users/mentcy/ws/my_k5_proj/hw/xlrs/slrx/pool/pool.sv Line: 6
Info (12021): Found 1 design units, including 1 entities, in source file /data/project/tsmc65/users/mentcy/ws/my_k5_proj/hw/xlrs/slrx/linear/linear.sv
    Info (12023): Found entity 1: linear File: /data/project/tsmc65/users/mentcy/ws/my_k5_proj/hw/xlrs/slrx/linear/linear.sv Line: 4
Info (12021): Found 1 design units, including 1 entities, in source file /data/project/tsmc65/users/mentcy/ws/my_k5_proj/hw/xlrs/slrx/top/xmem_intrf_mux.sv
    Info (12023): Found entity 1: xmem_intf_mux File: /data/project/tsmc65/users/mentcy/ws/my_k5_proj/hw/xlrs/slrx/top/xmem_intrf_mux.sv Line: 3
Info (12021): Found 1 design units, including 1 entities, in source file /data/project/tsmc65/users/mentcy/ws/my_k5_proj/hw/xlrs/slrx/top/slrx.sv
    Info (12023): Found entity 1: slrx File: /data/project/tsmc65/users/mentcy/ws/my_k5_proj/hw/xlrs/slrx/top/slrx.sv Line: 4
Warning (10236): Verilog HDL Implicit Net warning at conv.sv(171): created implicit net for "slrx_cmd" File: /data/project/tsmc65/users/mentcy/ws/my_k5_proj/hw/xlrs/slrx/conv/conv.sv Line: 171
Warning (10236): Verilog HDL Implicit Net warning at slrx.sv(32): created implicit net for "acc_sel" File: /data/project/tsmc65/users/mentcy/ws/my_k5_proj/hw/xlrs/slrx/top/slrx.sv Line: 32
Info (12127): Elaborating entity "qsyn_dummy_xlr_wrap" for the top level hierarchy
Info (12128): Elaborating entity "mem_intf_read" for hierarchy "mem_intf_read:mem_intf_read" File: /data/project/tsmc65/shared/qsyn/qsyn_dummy_xlr_wrap/qsyn_dummy_xlr_wrap.sv Line: 33
Warning (12158): Entity "mem_intf_read" contains only dangling pins File: /data/project/tsmc65/shared/qsyn/qsyn_dummy_xlr_wrap/qsyn_dummy_xlr_wrap.sv Line: 33
Info (12128): Elaborating entity "mem_intf_write" for hierarchy "mem_intf_write:mem_intf_write" File: /data/project/tsmc65/shared/qsyn/qsyn_dummy_xlr_wrap/qsyn_dummy_xlr_wrap.sv Line: 34
Warning (12158): Entity "mem_intf_write" contains only dangling pins File: /data/project/tsmc65/shared/qsyn/qsyn_dummy_xlr_wrap/qsyn_dummy_xlr_wrap.sv Line: 34
Info (12128): Elaborating entity "slrx" for hierarchy "slrx:slrx" File: /data/project/tsmc65/shared/qsyn/qsyn_dummy_xlr_wrap/qsyn_dummy_xlr_wrap.sv Line: 62
Warning (10036): Verilog HDL or VHDL warning at slrx.sv(32): object "acc_sel" assigned a value but never read File: /data/project/tsmc65/users/mentcy/ws/my_k5_proj/hw/xlrs/slrx/top/slrx.sv Line: 32
Warning (10230): Verilog HDL assignment warning at slrx.sv(32): truncated value with size 32 to match size of target (1) File: /data/project/tsmc65/users/mentcy/ws/my_k5_proj/hw/xlrs/slrx/top/slrx.sv Line: 32
Info (12128): Elaborating entity "slrx_regs_intrf" for hierarchy "slrx:slrx|slrx_regs_intrf:slrx_regs_intrf_conv" File: /data/project/tsmc65/users/mentcy/ws/my_k5_proj/hw/xlrs/slrx/top/slrx.sv Line: 24
Warning (12158): Entity "slrx_regs_intrf" contains only dangling pins File: /data/project/tsmc65/users/mentcy/ws/my_k5_proj/hw/xlrs/slrx/top/slrx.sv Line: 24
Info (12128): Elaborating entity "conv" for hierarchy "slrx:slrx|conv:conv" File: /data/project/tsmc65/users/mentcy/ws/my_k5_proj/hw/xlrs/slrx/top/slrx.sv Line: 126
Warning (10230): Verilog HDL assignment warning at conv.sv(171): truncated value with size 32 to match size of target (1) File: /data/project/tsmc65/users/mentcy/ws/my_k5_proj/hw/xlrs/slrx/conv/conv.sv Line: 171
Warning (10230): Verilog HDL assignment warning at conv.sv(177): truncated value with size 32 to match size of target (16) File: /data/project/tsmc65/users/mentcy/ws/my_k5_proj/hw/xlrs/slrx/conv/conv.sv Line: 177
Warning (10230): Verilog HDL assignment warning at conv.sv(179): truncated value with size 32 to match size of target (16) File: /data/project/tsmc65/users/mentcy/ws/my_k5_proj/hw/xlrs/slrx/conv/conv.sv Line: 179
Warning (10230): Verilog HDL assignment warning at conv.sv(180): truncated value with size 32 to match size of target (16) File: /data/project/tsmc65/users/mentcy/ws/my_k5_proj/hw/xlrs/slrx/conv/conv.sv Line: 180
Warning (10230): Verilog HDL assignment warning at conv.sv(181): truncated value with size 32 to match size of target (6) File: /data/project/tsmc65/users/mentcy/ws/my_k5_proj/hw/xlrs/slrx/conv/conv.sv Line: 181
Warning (10230): Verilog HDL assignment warning at conv.sv(183): truncated value with size 32 to match size of target (6) File: /data/project/tsmc65/users/mentcy/ws/my_k5_proj/hw/xlrs/slrx/conv/conv.sv Line: 183
Warning (10230): Verilog HDL assignment warning at conv.sv(184): truncated value with size 32 to match size of target (6) File: /data/project/tsmc65/users/mentcy/ws/my_k5_proj/hw/xlrs/slrx/conv/conv.sv Line: 184
Warning (10230): Verilog HDL assignment warning at conv.sv(260): truncated value with size 32 to match size of target (6) File: /data/project/tsmc65/users/mentcy/ws/my_k5_proj/hw/xlrs/slrx/conv/conv.sv Line: 260
Warning (10230): Verilog HDL assignment warning at conv.sv(271): truncated value with size 32 to match size of target (6) File: /data/project/tsmc65/users/mentcy/ws/my_k5_proj/hw/xlrs/slrx/conv/conv.sv Line: 271
Warning (10230): Verilog HDL assignment warning at conv.sv(290): truncated value with size 32 to match size of target (5) File: /data/project/tsmc65/users/mentcy/ws/my_k5_proj/hw/xlrs/slrx/conv/conv.sv Line: 290
Warning (10230): Verilog HDL assignment warning at conv.sv(299): truncated value with size 32 to match size of target (6) File: /data/project/tsmc65/users/mentcy/ws/my_k5_proj/hw/xlrs/slrx/conv/conv.sv Line: 299
Warning (10230): Verilog HDL assignment warning at conv.sv(310): truncated value with size 32 to match size of target (5) File: /data/project/tsmc65/users/mentcy/ws/my_k5_proj/hw/xlrs/slrx/conv/conv.sv Line: 310
Warning (10230): Verilog HDL assignment warning at conv.sv(389): truncated value with size 32 to match size of target (6) File: /data/project/tsmc65/users/mentcy/ws/my_k5_proj/hw/xlrs/slrx/conv/conv.sv Line: 389
Warning (10230): Verilog HDL assignment warning at conv.sv(402): truncated value with size 32 to match size of target (6) File: /data/project/tsmc65/users/mentcy/ws/my_k5_proj/hw/xlrs/slrx/conv/conv.sv Line: 402
Info (10008): Verilog HDL or VHDL information: EDA Netlist Writer cannot regroup multidimensional array "calc_conv_partial_sum.kernel" into its bus
Info (10008): Verilog HDL or VHDL information: EDA Netlist Writer cannot regroup multidimensional array "calc_conv_partial_sum.conv_win" into its bus
Info (10008): Verilog HDL or VHDL information: EDA Netlist Writer cannot regroup multidimensional array "kernel" into its bus
Info (10008): Verilog HDL or VHDL information: EDA Netlist Writer cannot regroup multidimensional array "kernel_ps" into its bus
Info (10008): Verilog HDL or VHDL information: EDA Netlist Writer cannot regroup multidimensional array "bufA" into its bus
Info (10008): Verilog HDL or VHDL information: EDA Netlist Writer cannot regroup multidimensional array "bufA_ps" into its bus
Info (10008): Verilog HDL or VHDL information: EDA Netlist Writer cannot regroup multidimensional array "bufB" into its bus
Info (10008): Verilog HDL or VHDL information: EDA Netlist Writer cannot regroup multidimensional array "bufB_ps" into its bus
Info (10008): Verilog HDL or VHDL information: EDA Netlist Writer cannot regroup multidimensional array "winA" into its bus
Info (10008): Verilog HDL or VHDL information: EDA Netlist Writer cannot regroup multidimensional array "winB" into its bus
Info (12128): Elaborating entity "pool" for hierarchy "slrx:slrx|pool:pool" File: /data/project/tsmc65/users/mentcy/ws/my_k5_proj/hw/xlrs/slrx/top/slrx.sv Line: 152
Warning (10036): Verilog HDL or VHDL warning at pool.sv(39): object "arr_in_next_row_addr_s" assigned a value but never read File: /data/project/tsmc65/users/mentcy/ws/my_k5_proj/hw/xlrs/slrx/pool/pool.sv Line: 39
Warning (10230): Verilog HDL assignment warning at pool.sv(58): truncated value with size 32 to match size of target (16) File: /data/project/tsmc65/users/mentcy/ws/my_k5_proj/hw/xlrs/slrx/pool/pool.sv Line: 58
Warning (10230): Verilog HDL assignment warning at pool.sv(59): truncated value with size 32 to match size of target (16) File: /data/project/tsmc65/users/mentcy/ws/my_k5_proj/hw/xlrs/slrx/pool/pool.sv Line: 59
Warning (10230): Verilog HDL assignment warning at pool.sv(60): truncated value with size 32 to match size of target (6) File: /data/project/tsmc65/users/mentcy/ws/my_k5_proj/hw/xlrs/slrx/pool/pool.sv Line: 60
Warning (10230): Verilog HDL assignment warning at pool.sv(61): truncated value with size 32 to match size of target (5) File: /data/project/tsmc65/users/mentcy/ws/my_k5_proj/hw/xlrs/slrx/pool/pool.sv Line: 61
Warning (10230): Verilog HDL assignment warning at pool.sv(63): truncated value with size 32 to match size of target (6) File: /data/project/tsmc65/users/mentcy/ws/my_k5_proj/hw/xlrs/slrx/pool/pool.sv Line: 63
Warning (10230): Verilog HDL assignment warning at pool.sv(91): truncated value with size 32 to match size of target (16) File: /data/project/tsmc65/users/mentcy/ws/my_k5_proj/hw/xlrs/slrx/pool/pool.sv Line: 91
Warning (10230): Verilog HDL assignment warning at pool.sv(115): truncated value with size 32 to match size of target (8) File: /data/project/tsmc65/users/mentcy/ws/my_k5_proj/hw/xlrs/slrx/pool/pool.sv Line: 115
Warning (10230): Verilog HDL assignment warning at pool.sv(120): truncated value with size 32 to match size of target (5) File: /data/project/tsmc65/users/mentcy/ws/my_k5_proj/hw/xlrs/slrx/pool/pool.sv Line: 120
Info (10008): Verilog HDL or VHDL information: EDA Netlist Writer cannot regroup multidimensional array "calc_pool_win.pool_in_buf" into its bus
Info (10008): Verilog HDL or VHDL information: EDA Netlist Writer cannot regroup multidimensional array "pool_in_buf" into its bus
Info (10008): Verilog HDL or VHDL information: EDA Netlist Writer cannot regroup multidimensional array "pool_in_buf_ps" into its bus
Info (12128): Elaborating entity "linear" for hierarchy "slrx:slrx|linear:linear" File: /data/project/tsmc65/users/mentcy/ws/my_k5_proj/hw/xlrs/slrx/top/slrx.sv Line: 178
Warning (10230): Verilog HDL assignment warning at linear.sv(61): truncated value with size 32 to match size of target (16) File: /data/project/tsmc65/users/mentcy/ws/my_k5_proj/hw/xlrs/slrx/linear/linear.sv Line: 61
Warning (10230): Verilog HDL assignment warning at linear.sv(62): truncated value with size 32 to match size of target (16) File: /data/project/tsmc65/users/mentcy/ws/my_k5_proj/hw/xlrs/slrx/linear/linear.sv Line: 62
Warning (10230): Verilog HDL assignment warning at linear.sv(63): truncated value with size 32 to match size of target (16) File: /data/project/tsmc65/users/mentcy/ws/my_k5_proj/hw/xlrs/slrx/linear/linear.sv Line: 63
Warning (10230): Verilog HDL assignment warning at linear.sv(64): truncated value with size 32 to match size of target (16) File: /data/project/tsmc65/users/mentcy/ws/my_k5_proj/hw/xlrs/slrx/linear/linear.sv Line: 64
Warning (10230): Verilog HDL assignment warning at linear.sv(65): truncated value with size 32 to match size of target (6) File: /data/project/tsmc65/users/mentcy/ws/my_k5_proj/hw/xlrs/slrx/linear/linear.sv Line: 65
Warning (10230): Verilog HDL assignment warning at linear.sv(66): truncated value with size 32 to match size of target (6) File: /data/project/tsmc65/users/mentcy/ws/my_k5_proj/hw/xlrs/slrx/linear/linear.sv Line: 66
Warning (10230): Verilog HDL assignment warning at linear.sv(68): truncated value with size 32 to match size of target (6) File: /data/project/tsmc65/users/mentcy/ws/my_k5_proj/hw/xlrs/slrx/linear/linear.sv Line: 68
Warning (10230): Verilog HDL assignment warning at linear.sv(98): truncated value with size 32 to match size of target (6) File: /data/project/tsmc65/users/mentcy/ws/my_k5_proj/hw/xlrs/slrx/linear/linear.sv Line: 98
Warning (10230): Verilog HDL assignment warning at linear.sv(170): truncated value with size 32 to match size of target (16) File: /data/project/tsmc65/users/mentcy/ws/my_k5_proj/hw/xlrs/slrx/linear/linear.sv Line: 170
Warning (10230): Verilog HDL assignment warning at linear.sv(171): truncated value with size 32 to match size of target (6) File: /data/project/tsmc65/users/mentcy/ws/my_k5_proj/hw/xlrs/slrx/linear/linear.sv Line: 171
Warning (10230): Verilog HDL assignment warning at linear.sv(194): truncated value with size 32 to match size of target (6) File: /data/project/tsmc65/users/mentcy/ws/my_k5_proj/hw/xlrs/slrx/linear/linear.sv Line: 194
Info (12128): Elaborating entity "xmem_intf_mux" for hierarchy "slrx:slrx|xmem_intf_mux:xmem_intf_mux" File: /data/project/tsmc65/users/mentcy/ws/my_k5_proj/hw/xlrs/slrx/top/slrx.sv Line: 204
Warning (12161): Node "slrx:slrx|slrx_regs_intrf:slrx_regs_intrf_conv|slrx_regs_intrf.xlr_start" is stuck at GND because node is in wire loop and does not have a source File: /data/project/tsmc65/users/mentcy/ws/my_k5_proj/hw/xlrs/slrx/top/slrx_regs_intrf.sv Line: 4
Warning (12161): Node "slrx:slrx|slrx_regs_intrf:slrx_regs_intrf_conv|slrx_regs_intrf.slrx_cmd[2]" is stuck at GND because node is in wire loop and does not have a source File: /data/project/tsmc65/users/mentcy/ws/my_k5_proj/hw/xlrs/slrx/top/slrx_regs_intrf.sv Line: 4
Warning (12161): Node "slrx:slrx|slrx_regs_intrf:slrx_regs_intrf_conv|slrx_regs_intrf.slrx_cmd[1]" is stuck at GND because node is in wire loop and does not have a source File: /data/project/tsmc65/users/mentcy/ws/my_k5_proj/hw/xlrs/slrx/top/slrx_regs_intrf.sv Line: 4
Warning (12161): Node "slrx:slrx|slrx_regs_intrf:slrx_regs_intrf_conv|slrx_regs_intrf.slrx_cmd[0]" is stuck at GND because node is in wire loop and does not have a source File: /data/project/tsmc65/users/mentcy/ws/my_k5_proj/hw/xlrs/slrx/top/slrx_regs_intrf.sv Line: 4
Warning (12161): Node "slrx:slrx|slrx_regs_intrf:slrx_regs_intrf_pool|slrx_regs_intrf.xlr_start" is stuck at GND because node is in wire loop and does not have a source File: /data/project/tsmc65/users/mentcy/ws/my_k5_proj/hw/xlrs/slrx/top/slrx_regs_intrf.sv Line: 4
Warning (12161): Node "slrx:slrx|slrx_regs_intrf:slrx_regs_intrf_pool|slrx_regs_intrf.slrx_cmd[2]" is stuck at GND because node is in wire loop and does not have a source File: /data/project/tsmc65/users/mentcy/ws/my_k5_proj/hw/xlrs/slrx/top/slrx_regs_intrf.sv Line: 4
Warning (12161): Node "slrx:slrx|slrx_regs_intrf:slrx_regs_intrf_pool|slrx_regs_intrf.slrx_cmd[1]" is stuck at GND because node is in wire loop and does not have a source File: /data/project/tsmc65/users/mentcy/ws/my_k5_proj/hw/xlrs/slrx/top/slrx_regs_intrf.sv Line: 4
Warning (12161): Node "slrx:slrx|slrx_regs_intrf:slrx_regs_intrf_pool|slrx_regs_intrf.slrx_cmd[0]" is stuck at GND because node is in wire loop and does not have a source File: /data/project/tsmc65/users/mentcy/ws/my_k5_proj/hw/xlrs/slrx/top/slrx_regs_intrf.sv Line: 4
Warning (12161): Node "slrx:slrx|slrx_regs_intrf:slrx_regs_intrf_lin|slrx_regs_intrf.xlr_start" is stuck at GND because node is in wire loop and does not have a source File: /data/project/tsmc65/users/mentcy/ws/my_k5_proj/hw/xlrs/slrx/top/slrx_regs_intrf.sv Line: 4
Warning (12161): Node "slrx:slrx|slrx_regs_intrf:slrx_regs_intrf_lin|slrx_regs_intrf.slrx_cmd[2]" is stuck at GND because node is in wire loop and does not have a source File: /data/project/tsmc65/users/mentcy/ws/my_k5_proj/hw/xlrs/slrx/top/slrx_regs_intrf.sv Line: 4
Warning (12161): Node "slrx:slrx|slrx_regs_intrf:slrx_regs_intrf_lin|slrx_regs_intrf.slrx_cmd[1]" is stuck at GND because node is in wire loop and does not have a source File: /data/project/tsmc65/users/mentcy/ws/my_k5_proj/hw/xlrs/slrx/top/slrx_regs_intrf.sv Line: 4
Warning (12161): Node "slrx:slrx|slrx_regs_intrf:slrx_regs_intrf_lin|slrx_regs_intrf.slrx_cmd[0]" is stuck at GND because node is in wire loop and does not have a source File: /data/project/tsmc65/users/mentcy/ws/my_k5_proj/hw/xlrs/slrx/top/slrx_regs_intrf.sv Line: 4
Info (278001): Inferred 123 megafunctions from design logic
    Info (278003): Inferred multiplier megafunction ("lpm_mult") from the following logic: "slrx:slrx|pool:pool|Mult0" File: /data/project/tsmc65/users/mentcy/ws/my_k5_proj/hw/xlrs/slrx/pool/pool.sv Line: 83
    Info (278003): Inferred multiplier megafunction ("lpm_mult") from the following logic: "slrx:slrx|linear:linear|Mult0" File: /data/project/tsmc65/users/mentcy/ws/my_k5_proj/hw/xlrs/slrx/linear/linear.sv Line: 143
    Info (278003): Inferred multiplier megafunction ("lpm_mult") from the following logic: "slrx:slrx|linear:linear|Mult1" File: /data/project/tsmc65/users/mentcy/ws/my_k5_proj/hw/xlrs/slrx/linear/linear.sv Line: 155
    Info (278003): Inferred multiplier megafunction ("lpm_mult") from the following logic: "slrx:slrx|conv:conv|Mult51" File: /data/project/tsmc65/users/mentcy/ws/my_k5_proj/hw/xlrs/slrx/conv/conv.sv Line: 281
    Info (278003): Inferred multiplier megafunction ("lpm_mult") from the following logic: "slrx:slrx|conv:conv|Mult54" File: /data/project/tsmc65/users/mentcy/ws/my_k5_proj/hw/xlrs/slrx/conv/conv.sv Line: 427
    Info (278003): Inferred multiplier megafunction ("lpm_mult") from the following logic: "slrx:slrx|conv:conv|Mult50" File: /data/project/tsmc65/users/mentcy/ws/my_k5_proj/hw/xlrs/slrx/conv/conv.sv Line: 247
    Info (278003): Inferred multiplier megafunction ("lpm_mult") from the following logic: "slrx:slrx|conv:conv|Mult52" File: /data/project/tsmc65/users/mentcy/ws/my_k5_proj/hw/xlrs/slrx/conv/conv.sv Line: 424
    Info (278003): Inferred multiplier megafunction ("lpm_mult") from the following logic: "slrx:slrx|pool:pool|Mult1" File: /data/project/tsmc65/users/mentcy/ws/my_k5_proj/hw/xlrs/slrx/pool/pool.sv Line: 91
    Info (278003): Inferred multiplier megafunction ("lpm_mult") from the following logic: "slrx:slrx|conv:conv|Mult53" File: /data/project/tsmc65/users/mentcy/ws/my_k5_proj/hw/xlrs/slrx/conv/conv.sv Line: 425
    Info (278003): Inferred multiplier megafunction ("lpm_mult") from the following logic: "slrx:slrx|conv:conv|Mult41" File: /data/project/tsmc65/users/mentcy/ws/my_k5_proj/hw/xlrs/slrx/conv/conv.sv Line: 500
    Info (278003): Inferred multiplier megafunction ("lpm_mult") from the following logic: "slrx:slrx|conv:conv|Mult16" File: /data/project/tsmc65/users/mentcy/ws/my_k5_proj/hw/xlrs/slrx/conv/conv.sv Line: 500
    Info (278003): Inferred multiplier megafunction ("lpm_mult") from the following logic: "slrx:slrx|linear:linear|Mult2" File: /data/project/tsmc65/users/mentcy/ws/my_k5_proj/hw/xlrs/slrx/linear/linear.sv Line: 81
    Info (278003): Inferred multiplier megafunction ("lpm_mult") from the following logic: "slrx:slrx|linear:linear|Mult34" File: /data/project/tsmc65/users/mentcy/ws/my_k5_proj/hw/xlrs/slrx/linear/linear.sv Line: 81
    Info (278003): Inferred multiplier megafunction ("lpm_mult") from the following logic: "slrx:slrx|conv:conv|Mult40" File: /data/project/tsmc65/users/mentcy/ws/my_k5_proj/hw/xlrs/slrx/conv/conv.sv Line: 500
    Info (278003): Inferred multiplier megafunction ("lpm_mult") from the following logic: "slrx:slrx|conv:conv|Mult37" File: /data/project/tsmc65/users/mentcy/ws/my_k5_proj/hw/xlrs/slrx/conv/conv.sv Line: 500
    Info (278003): Inferred multiplier megafunction ("lpm_mult") from the following logic: "slrx:slrx|conv:conv|Mult15" File: /data/project/tsmc65/users/mentcy/ws/my_k5_proj/hw/xlrs/slrx/conv/conv.sv Line: 500
    Info (278003): Inferred multiplier megafunction ("lpm_mult") from the following logic: "slrx:slrx|conv:conv|Mult12" File: /data/project/tsmc65/users/mentcy/ws/my_k5_proj/hw/xlrs/slrx/conv/conv.sv Line: 500
    Info (278003): Inferred multiplier megafunction ("lpm_mult") from the following logic: "slrx:slrx|linear:linear|Mult33" File: /data/project/tsmc65/users/mentcy/ws/my_k5_proj/hw/xlrs/slrx/linear/linear.sv Line: 81
    Info (278003): Inferred multiplier megafunction ("lpm_mult") from the following logic: "slrx:slrx|linear:linear|Mult65" File: /data/project/tsmc65/users/mentcy/ws/my_k5_proj/hw/xlrs/slrx/linear/linear.sv Line: 81
    Info (278003): Inferred multiplier megafunction ("lpm_mult") from the following logic: "slrx:slrx|conv:conv|Mult49" File: /data/project/tsmc65/users/mentcy/ws/my_k5_proj/hw/xlrs/slrx/conv/conv.sv Line: 500
    Info (278003): Inferred multiplier megafunction ("lpm_mult") from the following logic: "slrx:slrx|conv:conv|Mult48" File: /data/project/tsmc65/users/mentcy/ws/my_k5_proj/hw/xlrs/slrx/conv/conv.sv Line: 500
    Info (278003): Inferred multiplier megafunction ("lpm_mult") from the following logic: "slrx:slrx|conv:conv|Mult47" File: /data/project/tsmc65/users/mentcy/ws/my_k5_proj/hw/xlrs/slrx/conv/conv.sv Line: 500
    Info (278003): Inferred multiplier megafunction ("lpm_mult") from the following logic: "slrx:slrx|conv:conv|Mult46" File: /data/project/tsmc65/users/mentcy/ws/my_k5_proj/hw/xlrs/slrx/conv/conv.sv Line: 500
    Info (278003): Inferred multiplier megafunction ("lpm_mult") from the following logic: "slrx:slrx|conv:conv|Mult45" File: /data/project/tsmc65/users/mentcy/ws/my_k5_proj/hw/xlrs/slrx/conv/conv.sv Line: 500
    Info (278003): Inferred multiplier megafunction ("lpm_mult") from the following logic: "slrx:slrx|conv:conv|Mult44" File: /data/project/tsmc65/users/mentcy/ws/my_k5_proj/hw/xlrs/slrx/conv/conv.sv Line: 500
    Info (278003): Inferred multiplier megafunction ("lpm_mult") from the following logic: "slrx:slrx|conv:conv|Mult43" File: /data/project/tsmc65/users/mentcy/ws/my_k5_proj/hw/xlrs/slrx/conv/conv.sv Line: 500
    Info (278003): Inferred multiplier megafunction ("lpm_mult") from the following logic: "slrx:slrx|conv:conv|Mult42" File: /data/project/tsmc65/users/mentcy/ws/my_k5_proj/hw/xlrs/slrx/conv/conv.sv Line: 500
    Info (278003): Inferred multiplier megafunction ("lpm_mult") from the following logic: "slrx:slrx|conv:conv|Mult39" File: /data/project/tsmc65/users/mentcy/ws/my_k5_proj/hw/xlrs/slrx/conv/conv.sv Line: 500
    Info (278003): Inferred multiplier megafunction ("lpm_mult") from the following logic: "slrx:slrx|conv:conv|Mult38" File: /data/project/tsmc65/users/mentcy/ws/my_k5_proj/hw/xlrs/slrx/conv/conv.sv Line: 500
    Info (278003): Inferred multiplier megafunction ("lpm_mult") from the following logic: "slrx:slrx|conv:conv|Mult28" File: /data/project/tsmc65/users/mentcy/ws/my_k5_proj/hw/xlrs/slrx/conv/conv.sv Line: 500
    Info (278003): Inferred multiplier megafunction ("lpm_mult") from the following logic: "slrx:slrx|conv:conv|Mult24" File: /data/project/tsmc65/users/mentcy/ws/my_k5_proj/hw/xlrs/slrx/conv/conv.sv Line: 500
    Info (278003): Inferred multiplier megafunction ("lpm_mult") from the following logic: "slrx:slrx|conv:conv|Mult23" File: /data/project/tsmc65/users/mentcy/ws/my_k5_proj/hw/xlrs/slrx/conv/conv.sv Line: 500
    Info (278003): Inferred multiplier megafunction ("lpm_mult") from the following logic: "slrx:slrx|conv:conv|Mult22" File: /data/project/tsmc65/users/mentcy/ws/my_k5_proj/hw/xlrs/slrx/conv/conv.sv Line: 500
    Info (278003): Inferred multiplier megafunction ("lpm_mult") from the following logic: "slrx:slrx|conv:conv|Mult21" File: /data/project/tsmc65/users/mentcy/ws/my_k5_proj/hw/xlrs/slrx/conv/conv.sv Line: 500
    Info (278003): Inferred multiplier megafunction ("lpm_mult") from the following logic: "slrx:slrx|conv:conv|Mult20" File: /data/project/tsmc65/users/mentcy/ws/my_k5_proj/hw/xlrs/slrx/conv/conv.sv Line: 500
    Info (278003): Inferred multiplier megafunction ("lpm_mult") from the following logic: "slrx:slrx|conv:conv|Mult19" File: /data/project/tsmc65/users/mentcy/ws/my_k5_proj/hw/xlrs/slrx/conv/conv.sv Line: 500
    Info (278003): Inferred multiplier megafunction ("lpm_mult") from the following logic: "slrx:slrx|conv:conv|Mult18" File: /data/project/tsmc65/users/mentcy/ws/my_k5_proj/hw/xlrs/slrx/conv/conv.sv Line: 500
    Info (278003): Inferred multiplier megafunction ("lpm_mult") from the following logic: "slrx:slrx|conv:conv|Mult17" File: /data/project/tsmc65/users/mentcy/ws/my_k5_proj/hw/xlrs/slrx/conv/conv.sv Line: 500
    Info (278003): Inferred multiplier megafunction ("lpm_mult") from the following logic: "slrx:slrx|conv:conv|Mult14" File: /data/project/tsmc65/users/mentcy/ws/my_k5_proj/hw/xlrs/slrx/conv/conv.sv Line: 500
    Info (278003): Inferred multiplier megafunction ("lpm_mult") from the following logic: "slrx:slrx|conv:conv|Mult13" File: /data/project/tsmc65/users/mentcy/ws/my_k5_proj/hw/xlrs/slrx/conv/conv.sv Line: 500
    Info (278003): Inferred multiplier megafunction ("lpm_mult") from the following logic: "slrx:slrx|conv:conv|Mult3" File: /data/project/tsmc65/users/mentcy/ws/my_k5_proj/hw/xlrs/slrx/conv/conv.sv Line: 500
    Info (278003): Inferred multiplier megafunction ("lpm_mult") from the following logic: "slrx:slrx|linear:linear|Mult26" File: /data/project/tsmc65/users/mentcy/ws/my_k5_proj/hw/xlrs/slrx/linear/linear.sv Line: 81
    Info (278003): Inferred multiplier megafunction ("lpm_mult") from the following logic: "slrx:slrx|linear:linear|Mult25" File: /data/project/tsmc65/users/mentcy/ws/my_k5_proj/hw/xlrs/slrx/linear/linear.sv Line: 81
    Info (278003): Inferred multiplier megafunction ("lpm_mult") from the following logic: "slrx:slrx|linear:linear|Mult24" File: /data/project/tsmc65/users/mentcy/ws/my_k5_proj/hw/xlrs/slrx/linear/linear.sv Line: 81
    Info (278003): Inferred multiplier megafunction ("lpm_mult") from the following logic: "slrx:slrx|linear:linear|Mult23" File: /data/project/tsmc65/users/mentcy/ws/my_k5_proj/hw/xlrs/slrx/linear/linear.sv Line: 81
    Info (278003): Inferred multiplier megafunction ("lpm_mult") from the following logic: "slrx:slrx|linear:linear|Mult22" File: /data/project/tsmc65/users/mentcy/ws/my_k5_proj/hw/xlrs/slrx/linear/linear.sv Line: 81
    Info (278003): Inferred multiplier megafunction ("lpm_mult") from the following logic: "slrx:slrx|linear:linear|Mult21" File: /data/project/tsmc65/users/mentcy/ws/my_k5_proj/hw/xlrs/slrx/linear/linear.sv Line: 81
    Info (278003): Inferred multiplier megafunction ("lpm_mult") from the following logic: "slrx:slrx|linear:linear|Mult20" File: /data/project/tsmc65/users/mentcy/ws/my_k5_proj/hw/xlrs/slrx/linear/linear.sv Line: 81
    Info (278003): Inferred multiplier megafunction ("lpm_mult") from the following logic: "slrx:slrx|linear:linear|Mult19" File: /data/project/tsmc65/users/mentcy/ws/my_k5_proj/hw/xlrs/slrx/linear/linear.sv Line: 81
    Info (278003): Inferred multiplier megafunction ("lpm_mult") from the following logic: "slrx:slrx|linear:linear|Mult32" File: /data/project/tsmc65/users/mentcy/ws/my_k5_proj/hw/xlrs/slrx/linear/linear.sv Line: 81
    Info (278003): Inferred multiplier megafunction ("lpm_mult") from the following logic: "slrx:slrx|linear:linear|Mult31" File: /data/project/tsmc65/users/mentcy/ws/my_k5_proj/hw/xlrs/slrx/linear/linear.sv Line: 81
    Info (278003): Inferred multiplier megafunction ("lpm_mult") from the following logic: "slrx:slrx|linear:linear|Mult30" File: /data/project/tsmc65/users/mentcy/ws/my_k5_proj/hw/xlrs/slrx/linear/linear.sv Line: 81
    Info (278003): Inferred multiplier megafunction ("lpm_mult") from the following logic: "slrx:slrx|linear:linear|Mult29" File: /data/project/tsmc65/users/mentcy/ws/my_k5_proj/hw/xlrs/slrx/linear/linear.sv Line: 81
    Info (278003): Inferred multiplier megafunction ("lpm_mult") from the following logic: "slrx:slrx|linear:linear|Mult28" File: /data/project/tsmc65/users/mentcy/ws/my_k5_proj/hw/xlrs/slrx/linear/linear.sv Line: 81
    Info (278003): Inferred multiplier megafunction ("lpm_mult") from the following logic: "slrx:slrx|linear:linear|Mult27" File: /data/project/tsmc65/users/mentcy/ws/my_k5_proj/hw/xlrs/slrx/linear/linear.sv Line: 81
    Info (278003): Inferred multiplier megafunction ("lpm_mult") from the following logic: "slrx:slrx|linear:linear|Mult58" File: /data/project/tsmc65/users/mentcy/ws/my_k5_proj/hw/xlrs/slrx/linear/linear.sv Line: 81
    Info (278003): Inferred multiplier megafunction ("lpm_mult") from the following logic: "slrx:slrx|linear:linear|Mult57" File: /data/project/tsmc65/users/mentcy/ws/my_k5_proj/hw/xlrs/slrx/linear/linear.sv Line: 81
    Info (278003): Inferred multiplier megafunction ("lpm_mult") from the following logic: "slrx:slrx|linear:linear|Mult56" File: /data/project/tsmc65/users/mentcy/ws/my_k5_proj/hw/xlrs/slrx/linear/linear.sv Line: 81
    Info (278003): Inferred multiplier megafunction ("lpm_mult") from the following logic: "slrx:slrx|linear:linear|Mult55" File: /data/project/tsmc65/users/mentcy/ws/my_k5_proj/hw/xlrs/slrx/linear/linear.sv Line: 81
    Info (278003): Inferred multiplier megafunction ("lpm_mult") from the following logic: "slrx:slrx|linear:linear|Mult54" File: /data/project/tsmc65/users/mentcy/ws/my_k5_proj/hw/xlrs/slrx/linear/linear.sv Line: 81
    Info (278003): Inferred multiplier megafunction ("lpm_mult") from the following logic: "slrx:slrx|linear:linear|Mult53" File: /data/project/tsmc65/users/mentcy/ws/my_k5_proj/hw/xlrs/slrx/linear/linear.sv Line: 81
    Info (278003): Inferred multiplier megafunction ("lpm_mult") from the following logic: "slrx:slrx|linear:linear|Mult52" File: /data/project/tsmc65/users/mentcy/ws/my_k5_proj/hw/xlrs/slrx/linear/linear.sv Line: 81
    Info (278003): Inferred multiplier megafunction ("lpm_mult") from the following logic: "slrx:slrx|linear:linear|Mult51" File: /data/project/tsmc65/users/mentcy/ws/my_k5_proj/hw/xlrs/slrx/linear/linear.sv Line: 81
    Info (278003): Inferred multiplier megafunction ("lpm_mult") from the following logic: "slrx:slrx|linear:linear|Mult64" File: /data/project/tsmc65/users/mentcy/ws/my_k5_proj/hw/xlrs/slrx/linear/linear.sv Line: 81
    Info (278003): Inferred multiplier megafunction ("lpm_mult") from the following logic: "slrx:slrx|linear:linear|Mult63" File: /data/project/tsmc65/users/mentcy/ws/my_k5_proj/hw/xlrs/slrx/linear/linear.sv Line: 81
    Info (278003): Inferred multiplier megafunction ("lpm_mult") from the following logic: "slrx:slrx|linear:linear|Mult62" File: /data/project/tsmc65/users/mentcy/ws/my_k5_proj/hw/xlrs/slrx/linear/linear.sv Line: 81
    Info (278003): Inferred multiplier megafunction ("lpm_mult") from the following logic: "slrx:slrx|linear:linear|Mult61" File: /data/project/tsmc65/users/mentcy/ws/my_k5_proj/hw/xlrs/slrx/linear/linear.sv Line: 81
    Info (278003): Inferred multiplier megafunction ("lpm_mult") from the following logic: "slrx:slrx|linear:linear|Mult60" File: /data/project/tsmc65/users/mentcy/ws/my_k5_proj/hw/xlrs/slrx/linear/linear.sv Line: 81
    Info (278003): Inferred multiplier megafunction ("lpm_mult") from the following logic: "slrx:slrx|linear:linear|Mult59" File: /data/project/tsmc65/users/mentcy/ws/my_k5_proj/hw/xlrs/slrx/linear/linear.sv Line: 81
    Info (278003): Inferred multiplier megafunction ("lpm_mult") from the following logic: "slrx:slrx|conv:conv|Mult36" File: /data/project/tsmc65/users/mentcy/ws/my_k5_proj/hw/xlrs/slrx/conv/conv.sv Line: 500
    Info (278003): Inferred multiplier megafunction ("lpm_mult") from the following logic: "slrx:slrx|conv:conv|Mult35" File: /data/project/tsmc65/users/mentcy/ws/my_k5_proj/hw/xlrs/slrx/conv/conv.sv Line: 500
    Info (278003): Inferred multiplier megafunction ("lpm_mult") from the following logic: "slrx:slrx|conv:conv|Mult34" File: /data/project/tsmc65/users/mentcy/ws/my_k5_proj/hw/xlrs/slrx/conv/conv.sv Line: 500
    Info (278003): Inferred multiplier megafunction ("lpm_mult") from the following logic: "slrx:slrx|conv:conv|Mult33" File: /data/project/tsmc65/users/mentcy/ws/my_k5_proj/hw/xlrs/slrx/conv/conv.sv Line: 500
    Info (278003): Inferred multiplier megafunction ("lpm_mult") from the following logic: "slrx:slrx|conv:conv|Mult32" File: /data/project/tsmc65/users/mentcy/ws/my_k5_proj/hw/xlrs/slrx/conv/conv.sv Line: 500
    Info (278003): Inferred multiplier megafunction ("lpm_mult") from the following logic: "slrx:slrx|conv:conv|Mult31" File: /data/project/tsmc65/users/mentcy/ws/my_k5_proj/hw/xlrs/slrx/conv/conv.sv Line: 500
    Info (278003): Inferred multiplier megafunction ("lpm_mult") from the following logic: "slrx:slrx|conv:conv|Mult30" File: /data/project/tsmc65/users/mentcy/ws/my_k5_proj/hw/xlrs/slrx/conv/conv.sv Line: 500
    Info (278003): Inferred multiplier megafunction ("lpm_mult") from the following logic: "slrx:slrx|conv:conv|Mult29" File: /data/project/tsmc65/users/mentcy/ws/my_k5_proj/hw/xlrs/slrx/conv/conv.sv Line: 500
    Info (278003): Inferred multiplier megafunction ("lpm_mult") from the following logic: "slrx:slrx|conv:conv|Mult27" File: /data/project/tsmc65/users/mentcy/ws/my_k5_proj/hw/xlrs/slrx/conv/conv.sv Line: 500
    Info (278003): Inferred multiplier megafunction ("lpm_mult") from the following logic: "slrx:slrx|conv:conv|Mult11" File: /data/project/tsmc65/users/mentcy/ws/my_k5_proj/hw/xlrs/slrx/conv/conv.sv Line: 500
    Info (278003): Inferred multiplier megafunction ("lpm_mult") from the following logic: "slrx:slrx|conv:conv|Mult10" File: /data/project/tsmc65/users/mentcy/ws/my_k5_proj/hw/xlrs/slrx/conv/conv.sv Line: 500
    Info (278003): Inferred multiplier megafunction ("lpm_mult") from the following logic: "slrx:slrx|conv:conv|Mult9" File: /data/project/tsmc65/users/mentcy/ws/my_k5_proj/hw/xlrs/slrx/conv/conv.sv Line: 500
    Info (278003): Inferred multiplier megafunction ("lpm_mult") from the following logic: "slrx:slrx|conv:conv|Mult8" File: /data/project/tsmc65/users/mentcy/ws/my_k5_proj/hw/xlrs/slrx/conv/conv.sv Line: 500
    Info (278003): Inferred multiplier megafunction ("lpm_mult") from the following logic: "slrx:slrx|conv:conv|Mult7" File: /data/project/tsmc65/users/mentcy/ws/my_k5_proj/hw/xlrs/slrx/conv/conv.sv Line: 500
    Info (278003): Inferred multiplier megafunction ("lpm_mult") from the following logic: "slrx:slrx|conv:conv|Mult6" File: /data/project/tsmc65/users/mentcy/ws/my_k5_proj/hw/xlrs/slrx/conv/conv.sv Line: 500
    Info (278003): Inferred multiplier megafunction ("lpm_mult") from the following logic: "slrx:slrx|conv:conv|Mult5" File: /data/project/tsmc65/users/mentcy/ws/my_k5_proj/hw/xlrs/slrx/conv/conv.sv Line: 500
    Info (278003): Inferred multiplier megafunction ("lpm_mult") from the following logic: "slrx:slrx|conv:conv|Mult4" File: /data/project/tsmc65/users/mentcy/ws/my_k5_proj/hw/xlrs/slrx/conv/conv.sv Line: 500
    Info (278003): Inferred multiplier megafunction ("lpm_mult") from the following logic: "slrx:slrx|conv:conv|Mult2" File: /data/project/tsmc65/users/mentcy/ws/my_k5_proj/hw/xlrs/slrx/conv/conv.sv Line: 500
    Info (278003): Inferred multiplier megafunction ("lpm_mult") from the following logic: "slrx:slrx|linear:linear|Mult10" File: /data/project/tsmc65/users/mentcy/ws/my_k5_proj/hw/xlrs/slrx/linear/linear.sv Line: 81
    Info (278003): Inferred multiplier megafunction ("lpm_mult") from the following logic: "slrx:slrx|linear:linear|Mult9" File: /data/project/tsmc65/users/mentcy/ws/my_k5_proj/hw/xlrs/slrx/linear/linear.sv Line: 81
    Info (278003): Inferred multiplier megafunction ("lpm_mult") from the following logic: "slrx:slrx|linear:linear|Mult8" File: /data/project/tsmc65/users/mentcy/ws/my_k5_proj/hw/xlrs/slrx/linear/linear.sv Line: 81
    Info (278003): Inferred multiplier megafunction ("lpm_mult") from the following logic: "slrx:slrx|linear:linear|Mult7" File: /data/project/tsmc65/users/mentcy/ws/my_k5_proj/hw/xlrs/slrx/linear/linear.sv Line: 81
    Info (278003): Inferred multiplier megafunction ("lpm_mult") from the following logic: "slrx:slrx|linear:linear|Mult6" File: /data/project/tsmc65/users/mentcy/ws/my_k5_proj/hw/xlrs/slrx/linear/linear.sv Line: 81
    Info (278003): Inferred multiplier megafunction ("lpm_mult") from the following logic: "slrx:slrx|linear:linear|Mult5" File: /data/project/tsmc65/users/mentcy/ws/my_k5_proj/hw/xlrs/slrx/linear/linear.sv Line: 81
    Info (278003): Inferred multiplier megafunction ("lpm_mult") from the following logic: "slrx:slrx|linear:linear|Mult4" File: /data/project/tsmc65/users/mentcy/ws/my_k5_proj/hw/xlrs/slrx/linear/linear.sv Line: 81
    Info (278003): Inferred multiplier megafunction ("lpm_mult") from the following logic: "slrx:slrx|linear:linear|Mult3" File: /data/project/tsmc65/users/mentcy/ws/my_k5_proj/hw/xlrs/slrx/linear/linear.sv Line: 81
    Info (278003): Inferred multiplier megafunction ("lpm_mult") from the following logic: "slrx:slrx|linear:linear|Mult18" File: /data/project/tsmc65/users/mentcy/ws/my_k5_proj/hw/xlrs/slrx/linear/linear.sv Line: 81
    Info (278003): Inferred multiplier megafunction ("lpm_mult") from the following logic: "slrx:slrx|linear:linear|Mult17" File: /data/project/tsmc65/users/mentcy/ws/my_k5_proj/hw/xlrs/slrx/linear/linear.sv Line: 81
    Info (278003): Inferred multiplier megafunction ("lpm_mult") from the following logic: "slrx:slrx|linear:linear|Mult16" File: /data/project/tsmc65/users/mentcy/ws/my_k5_proj/hw/xlrs/slrx/linear/linear.sv Line: 81
    Info (278003): Inferred multiplier megafunction ("lpm_mult") from the following logic: "slrx:slrx|linear:linear|Mult15" File: /data/project/tsmc65/users/mentcy/ws/my_k5_proj/hw/xlrs/slrx/linear/linear.sv Line: 81
    Info (278003): Inferred multiplier megafunction ("lpm_mult") from the following logic: "slrx:slrx|linear:linear|Mult14" File: /data/project/tsmc65/users/mentcy/ws/my_k5_proj/hw/xlrs/slrx/linear/linear.sv Line: 81
    Info (278003): Inferred multiplier megafunction ("lpm_mult") from the following logic: "slrx:slrx|linear:linear|Mult13" File: /data/project/tsmc65/users/mentcy/ws/my_k5_proj/hw/xlrs/slrx/linear/linear.sv Line: 81
    Info (278003): Inferred multiplier megafunction ("lpm_mult") from the following logic: "slrx:slrx|linear:linear|Mult12" File: /data/project/tsmc65/users/mentcy/ws/my_k5_proj/hw/xlrs/slrx/linear/linear.sv Line: 81
    Info (278003): Inferred multiplier megafunction ("lpm_mult") from the following logic: "slrx:slrx|linear:linear|Mult11" File: /data/project/tsmc65/users/mentcy/ws/my_k5_proj/hw/xlrs/slrx/linear/linear.sv Line: 81
    Info (278003): Inferred multiplier megafunction ("lpm_mult") from the following logic: "slrx:slrx|linear:linear|Mult42" File: /data/project/tsmc65/users/mentcy/ws/my_k5_proj/hw/xlrs/slrx/linear/linear.sv Line: 81
    Info (278003): Inferred multiplier megafunction ("lpm_mult") from the following logic: "slrx:slrx|linear:linear|Mult41" File: /data/project/tsmc65/users/mentcy/ws/my_k5_proj/hw/xlrs/slrx/linear/linear.sv Line: 81
    Info (278003): Inferred multiplier megafunction ("lpm_mult") from the following logic: "slrx:slrx|linear:linear|Mult40" File: /data/project/tsmc65/users/mentcy/ws/my_k5_proj/hw/xlrs/slrx/linear/linear.sv Line: 81
    Info (278003): Inferred multiplier megafunction ("lpm_mult") from the following logic: "slrx:slrx|linear:linear|Mult39" File: /data/project/tsmc65/users/mentcy/ws/my_k5_proj/hw/xlrs/slrx/linear/linear.sv Line: 81
    Info (278003): Inferred multiplier megafunction ("lpm_mult") from the following logic: "slrx:slrx|linear:linear|Mult38" File: /data/project/tsmc65/users/mentcy/ws/my_k5_proj/hw/xlrs/slrx/linear/linear.sv Line: 81
    Info (278003): Inferred multiplier megafunction ("lpm_mult") from the following logic: "slrx:slrx|linear:linear|Mult37" File: /data/project/tsmc65/users/mentcy/ws/my_k5_proj/hw/xlrs/slrx/linear/linear.sv Line: 81
    Info (278003): Inferred multiplier megafunction ("lpm_mult") from the following logic: "slrx:slrx|linear:linear|Mult36" File: /data/project/tsmc65/users/mentcy/ws/my_k5_proj/hw/xlrs/slrx/linear/linear.sv Line: 81
    Info (278003): Inferred multiplier megafunction ("lpm_mult") from the following logic: "slrx:slrx|linear:linear|Mult35" File: /data/project/tsmc65/users/mentcy/ws/my_k5_proj/hw/xlrs/slrx/linear/linear.sv Line: 81
    Info (278003): Inferred multiplier megafunction ("lpm_mult") from the following logic: "slrx:slrx|linear:linear|Mult50" File: /data/project/tsmc65/users/mentcy/ws/my_k5_proj/hw/xlrs/slrx/linear/linear.sv Line: 81
    Info (278003): Inferred multiplier megafunction ("lpm_mult") from the following logic: "slrx:slrx|linear:linear|Mult49" File: /data/project/tsmc65/users/mentcy/ws/my_k5_proj/hw/xlrs/slrx/linear/linear.sv Line: 81
    Info (278003): Inferred multiplier megafunction ("lpm_mult") from the following logic: "slrx:slrx|linear:linear|Mult48" File: /data/project/tsmc65/users/mentcy/ws/my_k5_proj/hw/xlrs/slrx/linear/linear.sv Line: 81
    Info (278003): Inferred multiplier megafunction ("lpm_mult") from the following logic: "slrx:slrx|linear:linear|Mult47" File: /data/project/tsmc65/users/mentcy/ws/my_k5_proj/hw/xlrs/slrx/linear/linear.sv Line: 81
    Info (278003): Inferred multiplier megafunction ("lpm_mult") from the following logic: "slrx:slrx|linear:linear|Mult46" File: /data/project/tsmc65/users/mentcy/ws/my_k5_proj/hw/xlrs/slrx/linear/linear.sv Line: 81
    Info (278003): Inferred multiplier megafunction ("lpm_mult") from the following logic: "slrx:slrx|linear:linear|Mult45" File: /data/project/tsmc65/users/mentcy/ws/my_k5_proj/hw/xlrs/slrx/linear/linear.sv Line: 81
    Info (278003): Inferred multiplier megafunction ("lpm_mult") from the following logic: "slrx:slrx|linear:linear|Mult44" File: /data/project/tsmc65/users/mentcy/ws/my_k5_proj/hw/xlrs/slrx/linear/linear.sv Line: 81
    Info (278003): Inferred multiplier megafunction ("lpm_mult") from the following logic: "slrx:slrx|linear:linear|Mult43" File: /data/project/tsmc65/users/mentcy/ws/my_k5_proj/hw/xlrs/slrx/linear/linear.sv Line: 81
    Info (278003): Inferred multiplier megafunction ("lpm_mult") from the following logic: "slrx:slrx|conv:conv|Mult26" File: /data/project/tsmc65/users/mentcy/ws/my_k5_proj/hw/xlrs/slrx/conv/conv.sv Line: 500
    Info (278003): Inferred multiplier megafunction ("lpm_mult") from the following logic: "slrx:slrx|conv:conv|Mult25" File: /data/project/tsmc65/users/mentcy/ws/my_k5_proj/hw/xlrs/slrx/conv/conv.sv Line: 500
    Info (278003): Inferred multiplier megafunction ("lpm_mult") from the following logic: "slrx:slrx|conv:conv|Mult1" File: /data/project/tsmc65/users/mentcy/ws/my_k5_proj/hw/xlrs/slrx/conv/conv.sv Line: 500
    Info (278003): Inferred multiplier megafunction ("lpm_mult") from the following logic: "slrx:slrx|conv:conv|Mult0" File: /data/project/tsmc65/users/mentcy/ws/my_k5_proj/hw/xlrs/slrx/conv/conv.sv Line: 500
Info (12130): Elaborated megafunction instantiation "slrx:slrx|pool:pool|lpm_mult:Mult0" File: /data/project/tsmc65/users/mentcy/ws/my_k5_proj/hw/xlrs/slrx/pool/pool.sv Line: 83
Info (12133): Instantiated megafunction "slrx:slrx|pool:pool|lpm_mult:Mult0" with the following parameter: File: /data/project/tsmc65/users/mentcy/ws/my_k5_proj/hw/xlrs/slrx/pool/pool.sv Line: 83
    Info (12134): Parameter "LPM_WIDTHA" = "5"
    Info (12134): Parameter "LPM_WIDTHB" = "5"
    Info (12134): Parameter "LPM_WIDTHP" = "10"
    Info (12134): Parameter "LPM_WIDTHR" = "10"
    Info (12134): Parameter "LPM_WIDTHS" = "1"
    Info (12134): Parameter "LPM_REPRESENTATION" = "UNSIGNED"
    Info (12134): Parameter "INPUT_A_IS_CONSTANT" = "NO"
    Info (12134): Parameter "INPUT_B_IS_CONSTANT" = "NO"
    Info (12134): Parameter "MAXIMIZE_SPEED" = "5"
Info (12021): Found 1 design units, including 1 entities, in source file db/mult_kks.tdf
    Info (12023): Found entity 1: mult_kks File: /project/tsmc65/users/mentcy/ws/my_k5_proj/hw/xlrs/slrx/db/mult_kks.tdf Line: 29
Info (12130): Elaborated megafunction instantiation "slrx:slrx|linear:linear|lpm_mult:Mult0" File: /data/project/tsmc65/users/mentcy/ws/my_k5_proj/hw/xlrs/slrx/linear/linear.sv Line: 143
Info (12133): Instantiated megafunction "slrx:slrx|linear:linear|lpm_mult:Mult0" with the following parameter: File: /data/project/tsmc65/users/mentcy/ws/my_k5_proj/hw/xlrs/slrx/linear/linear.sv Line: 143
    Info (12134): Parameter "LPM_WIDTHA" = "6"
    Info (12134): Parameter "LPM_WIDTHB" = "6"
    Info (12134): Parameter "LPM_WIDTHP" = "12"
    Info (12134): Parameter "LPM_WIDTHR" = "12"
    Info (12134): Parameter "LPM_WIDTHS" = "1"
    Info (12134): Parameter "LPM_REPRESENTATION" = "UNSIGNED"
    Info (12134): Parameter "INPUT_A_IS_CONSTANT" = "NO"
    Info (12134): Parameter "INPUT_B_IS_CONSTANT" = "NO"
    Info (12134): Parameter "MAXIMIZE_SPEED" = "5"
Info (12021): Found 1 design units, including 1 entities, in source file db/mult_oks.tdf
    Info (12023): Found entity 1: mult_oks File: /project/tsmc65/users/mentcy/ws/my_k5_proj/hw/xlrs/slrx/db/mult_oks.tdf Line: 29
Info (12130): Elaborated megafunction instantiation "slrx:slrx|linear:linear|lpm_mult:Mult1" File: /data/project/tsmc65/users/mentcy/ws/my_k5_proj/hw/xlrs/slrx/linear/linear.sv Line: 155
Info (12133): Instantiated megafunction "slrx:slrx|linear:linear|lpm_mult:Mult1" with the following parameter: File: /data/project/tsmc65/users/mentcy/ws/my_k5_proj/hw/xlrs/slrx/linear/linear.sv Line: 155
    Info (12134): Parameter "LPM_WIDTHA" = "6"
    Info (12134): Parameter "LPM_WIDTHB" = "6"
    Info (12134): Parameter "LPM_WIDTHP" = "12"
    Info (12134): Parameter "LPM_WIDTHR" = "12"
    Info (12134): Parameter "LPM_WIDTHS" = "1"
    Info (12134): Parameter "LPM_REPRESENTATION" = "UNSIGNED"
    Info (12134): Parameter "INPUT_A_IS_CONSTANT" = "NO"
    Info (12134): Parameter "INPUT_B_IS_CONSTANT" = "NO"
    Info (12134): Parameter "MAXIMIZE_SPEED" = "5"
Info (12130): Elaborated megafunction instantiation "slrx:slrx|conv:conv|lpm_mult:Mult51" File: /data/project/tsmc65/users/mentcy/ws/my_k5_proj/hw/xlrs/slrx/conv/conv.sv Line: 281
Info (12133): Instantiated megafunction "slrx:slrx|conv:conv|lpm_mult:Mult51" with the following parameter: File: /data/project/tsmc65/users/mentcy/ws/my_k5_proj/hw/xlrs/slrx/conv/conv.sv Line: 281
    Info (12134): Parameter "LPM_WIDTHA" = "6"
    Info (12134): Parameter "LPM_WIDTHB" = "6"
    Info (12134): Parameter "LPM_WIDTHP" = "12"
    Info (12134): Parameter "LPM_WIDTHR" = "12"
    Info (12134): Parameter "LPM_WIDTHS" = "1"
    Info (12134): Parameter "LPM_REPRESENTATION" = "UNSIGNED"
    Info (12134): Parameter "INPUT_A_IS_CONSTANT" = "NO"
    Info (12134): Parameter "INPUT_B_IS_CONSTANT" = "NO"
    Info (12134): Parameter "MAXIMIZE_SPEED" = "5"
Info (12130): Elaborated megafunction instantiation "slrx:slrx|conv:conv|lpm_mult:Mult53" File: /data/project/tsmc65/users/mentcy/ws/my_k5_proj/hw/xlrs/slrx/conv/conv.sv Line: 425
Info (12133): Instantiated megafunction "slrx:slrx|conv:conv|lpm_mult:Mult53" with the following parameter: File: /data/project/tsmc65/users/mentcy/ws/my_k5_proj/hw/xlrs/slrx/conv/conv.sv Line: 425
    Info (12134): Parameter "LPM_WIDTHA" = "7"
    Info (12134): Parameter "LPM_WIDTHB" = "6"
    Info (12134): Parameter "LPM_WIDTHP" = "13"
    Info (12134): Parameter "LPM_WIDTHR" = "13"
    Info (12134): Parameter "LPM_WIDTHS" = "1"
    Info (12134): Parameter "LPM_REPRESENTATION" = "UNSIGNED"
    Info (12134): Parameter "INPUT_A_IS_CONSTANT" = "NO"
    Info (12134): Parameter "INPUT_B_IS_CONSTANT" = "NO"
    Info (12134): Parameter "MAXIMIZE_SPEED" = "5"
Info (12021): Found 1 design units, including 1 entities, in source file db/mult_qks.tdf
    Info (12023): Found entity 1: mult_qks File: /project/tsmc65/users/mentcy/ws/my_k5_proj/hw/xlrs/slrx/db/mult_qks.tdf Line: 29
Info (12130): Elaborated megafunction instantiation "slrx:slrx|conv:conv|lpm_mult:Mult41" File: /data/project/tsmc65/users/mentcy/ws/my_k5_proj/hw/xlrs/slrx/conv/conv.sv Line: 500
Info (12133): Instantiated megafunction "slrx:slrx|conv:conv|lpm_mult:Mult41" with the following parameter: File: /data/project/tsmc65/users/mentcy/ws/my_k5_proj/hw/xlrs/slrx/conv/conv.sv Line: 500
    Info (12134): Parameter "LPM_WIDTHA" = "9"
    Info (12134): Parameter "LPM_WIDTHB" = "8"
    Info (12134): Parameter "LPM_WIDTHP" = "17"
    Info (12134): Parameter "LPM_WIDTHR" = "17"
    Info (12134): Parameter "LPM_WIDTHS" = "1"
    Info (12134): Parameter "LPM_REPRESENTATION" = "SIGNED"
    Info (12134): Parameter "INPUT_A_IS_CONSTANT" = "NO"
    Info (12134): Parameter "INPUT_B_IS_CONSTANT" = "NO"
    Info (12134): Parameter "MAXIMIZE_SPEED" = "5"
Info (12021): Found 1 design units, including 1 entities, in source file db/mult_vds.tdf
    Info (12023): Found entity 1: mult_vds File: /project/tsmc65/users/mentcy/ws/my_k5_proj/hw/xlrs/slrx/db/mult_vds.tdf Line: 29
Info (12130): Elaborated megafunction instantiation "slrx:slrx|linear:linear|lpm_mult:Mult2" File: /data/project/tsmc65/users/mentcy/ws/my_k5_proj/hw/xlrs/slrx/linear/linear.sv Line: 81
Info (12133): Instantiated megafunction "slrx:slrx|linear:linear|lpm_mult:Mult2" with the following parameter: File: /data/project/tsmc65/users/mentcy/ws/my_k5_proj/hw/xlrs/slrx/linear/linear.sv Line: 81
    Info (12134): Parameter "LPM_WIDTHA" = "8"
    Info (12134): Parameter "LPM_WIDTHB" = "9"
    Info (12134): Parameter "LPM_WIDTHP" = "17"
    Info (12134): Parameter "LPM_WIDTHR" = "17"
    Info (12134): Parameter "LPM_WIDTHS" = "1"
    Info (12134): Parameter "LPM_REPRESENTATION" = "SIGNED"
    Info (12134): Parameter "INPUT_A_IS_CONSTANT" = "NO"
    Info (12134): Parameter "INPUT_B_IS_CONSTANT" = "NO"
    Info (12134): Parameter "MAXIMIZE_SPEED" = "5"
Info (12021): Found 1 design units, including 1 entities, in source file db/mult_0es.tdf
    Info (12023): Found entity 1: mult_0es File: /project/tsmc65/users/mentcy/ws/my_k5_proj/hw/xlrs/slrx/db/mult_0es.tdf Line: 29
Info (13000): Registers with preset signals will power-up high File: /data/project/tsmc65/users/mentcy/ws/my_k5_proj/hw/xlrs/slrx/conv/conv.sv Line: 139
Info (13003): DEV_CLRn pin will set, and not reset, register with preset signal due to NOT Gate Push-Back
Info (286030): Timing-Driven Synthesis is running
Info (16010): Generating hard_block partition "hard_block:auto_generated_inst"
    Info (16011): Adding 0 node(s), including 0 DDIO, 0 PLL, 0 transceiver and 0 LCELL
Warning (21074): Design contains 15 input pin(s) that do not drive logic
    Warning (15610): No output dependent on input pin "host_regs_read_pulse[0]" File: /data/project/tsmc65/shared/qsyn/qsyn_dummy_xlr_wrap/qsyn_dummy_xlr_wrap.sv Line: 26
    Warning (15610): No output dependent on input pin "host_regs_read_pulse[2]" File: /data/project/tsmc65/shared/qsyn/qsyn_dummy_xlr_wrap/qsyn_dummy_xlr_wrap.sv Line: 26
    Warning (15610): No output dependent on input pin "host_regs_read_pulse[3]" File: /data/project/tsmc65/shared/qsyn/qsyn_dummy_xlr_wrap/qsyn_dummy_xlr_wrap.sv Line: 26
    Warning (15610): No output dependent on input pin "host_regs_read_pulse[4]" File: /data/project/tsmc65/shared/qsyn/qsyn_dummy_xlr_wrap/qsyn_dummy_xlr_wrap.sv Line: 26
    Warning (15610): No output dependent on input pin "host_regs_read_pulse[5]" File: /data/project/tsmc65/shared/qsyn/qsyn_dummy_xlr_wrap/qsyn_dummy_xlr_wrap.sv Line: 26
    Warning (15610): No output dependent on input pin "host_regs_read_pulse[6]" File: /data/project/tsmc65/shared/qsyn/qsyn_dummy_xlr_wrap/qsyn_dummy_xlr_wrap.sv Line: 26
    Warning (15610): No output dependent on input pin "host_regs_read_pulse[7]" File: /data/project/tsmc65/shared/qsyn/qsyn_dummy_xlr_wrap/qsyn_dummy_xlr_wrap.sv Line: 26
    Warning (15610): No output dependent on input pin "host_regs_read_pulse[8]" File: /data/project/tsmc65/shared/qsyn/qsyn_dummy_xlr_wrap/qsyn_dummy_xlr_wrap.sv Line: 26
    Warning (15610): No output dependent on input pin "host_regs_read_pulse[9]" File: /data/project/tsmc65/shared/qsyn/qsyn_dummy_xlr_wrap/qsyn_dummy_xlr_wrap.sv Line: 26
    Warning (15610): No output dependent on input pin "host_regs_read_pulse[10]" File: /data/project/tsmc65/shared/qsyn/qsyn_dummy_xlr_wrap/qsyn_dummy_xlr_wrap.sv Line: 26
    Warning (15610): No output dependent on input pin "host_regs_read_pulse[11]" File: /data/project/tsmc65/shared/qsyn/qsyn_dummy_xlr_wrap/qsyn_dummy_xlr_wrap.sv Line: 26
    Warning (15610): No output dependent on input pin "host_regs_read_pulse[12]" File: /data/project/tsmc65/shared/qsyn/qsyn_dummy_xlr_wrap/qsyn_dummy_xlr_wrap.sv Line: 26
    Warning (15610): No output dependent on input pin "host_regs_read_pulse[13]" File: /data/project/tsmc65/shared/qsyn/qsyn_dummy_xlr_wrap/qsyn_dummy_xlr_wrap.sv Line: 26
    Warning (15610): No output dependent on input pin "host_regs_read_pulse[14]" File: /data/project/tsmc65/shared/qsyn/qsyn_dummy_xlr_wrap/qsyn_dummy_xlr_wrap.sv Line: 26
    Warning (15610): No output dependent on input pin "host_regs_read_pulse[15]" File: /data/project/tsmc65/shared/qsyn/qsyn_dummy_xlr_wrap/qsyn_dummy_xlr_wrap.sv Line: 26
Info (21057): Implemented 15574 device resources after synthesis - the final resource count might be different
    Info (21058): Implemented 63 input pins
    Info (21059): Implemented 57 output pins
    Info (21061): Implemented 15331 logic cells
    Info (21062): Implemented 123 DSP elements
Info: Quartus Prime Analysis & Synthesis was successful. 0 errors, 69 warnings
    Info: Peak virtual memory: 710 megabytes
    Info: Processing ended: Wed Jul  1 12:26:07 2026
    Info: Elapsed time: 00:00:50
    Info: Total CPU time (on all processors): 00:00:00
